Using pre-set license

 COMMAND LINE ARGUMENTS:
/Users/shimizuyuusaku/Unity/2020.3.8f1/Unity.app/Contents/MacOS/Unity
-adb2
-batchMode
-noUpm
-name
AssetImportWorker0
-projectPath
/Users/shimizuyuusaku/Unity/2d-shooting
-logFile
Logs/AssetImportWorker0.log
-srvPort
49391
Successfully changed project path to: /Users/shimizuyuusaku/Unity/2d-shooting
/Users/shimizuyuusaku/Unity/2d-shooting
Using Asset Import Pipeline V2.
Refreshing native plugins compatible for Editor in 60.65 ms, found 1 plugins.
Preloading 0 native plugins for Editor in 0.00 ms.
Initialize engine version: 2020.3.8f1 (507919d4fff5)
[Subsystems] Discovering subsystems at path /Users/shimizuyuusaku/Unity/2020.3.8f1/Unity.app/Contents/Resources/UnitySubsystems
[Subsystems] Discovering subsystems at path /Users/shimizuyuusaku/Unity/2d-shooting/Assets
GfxDevice: creating device client; threaded=0
2021-05-18 09:15:28.688 Unity[7068:224786] Color LCD preferred device: Intel(R) Iris(TM) Plus Graphics 645 (low power)
2021-05-18 09:15:28.688 Unity[7068:224786] Metal devices available: 1
2021-05-18 09:15:28.688 Unity[7068:224786] 0: Intel(R) Iris(TM) Plus Graphics 645 (low power)
2021-05-18 09:15:28.689 Unity[7068:224786] Using device Intel(R) Iris(TM) Plus Graphics 645 (low power)
Initializing Metal device caps: Intel(R) Iris(TM) Plus Graphics 645
Initialize mono
Mono path[0] = '/Users/shimizuyuusaku/Unity/2020.3.8f1/Unity.app/Contents/Managed'
Mono path[1] = '/Users/shimizuyuusaku/Unity/2020.3.8f1/Unity.app/Contents/MonoBleedingEdge/lib/mono/unityjit'
Mono config path = '/Users/shimizuyuusaku/Unity/2020.3.8f1/Unity.app/Contents/MonoBleedingEdge/etc'
Using monoOptions --debugger-agent=transport=dt_socket,embedding=1,server=y,suspend=n,address=127.0.0.1:56068
Begin MonoManager ReloadAssembly
Registering precompiled unity dll's ...
Register platform support module: /Users/shimizuyuusaku/Unity/2020.3.8f1/Unity.app/Contents/PlaybackEngines/MacStandaloneSupport/UnityEditor.OSXStandalone.Extensions.dll
Registered in 0.004142 seconds.
Native extension for OSXStandalone target not found
Refreshing native plugins compatible for Editor in 35.37 ms, found 1 plugins.
Preloading 0 native plugins for Editor in 0.00 ms.
Mono: successfully reloaded assembly
- Completed reload, in  4.109 seconds
Platform modules already initialized, skipping
Registering precompiled user dll's ...
Registered in 0.005859 seconds.
Begin MonoManager ReloadAssembly
Native extension for OSXStandalone target not found
Refreshing native plugins compatible for Editor in 0.57 ms, found 1 plugins.
Preloading 0 native plugins for Editor in 0.00 ms.
Mono: successfully reloaded assembly
- Completed reload, in  1.155 seconds
Platform modules already initialized, skipping
========================================================================
Worker process is ready to serve import requests
Launching external process: /Users/shimizuyuusaku/Unity/2020.3.8f1/Unity.app/Contents/Tools/UnityShaderCompiler
Launched and connected shader compiler UnityShaderCompiler after 0.02 seconds
Refreshing native plugins compatible for Editor in 0.56 ms, found 1 plugins.
Preloading 0 native plugins for Editor in 0.00 ms.
Unloading 1657 Unused Serialized files (Serialized files now loaded: 0)
System memory in use before: 130.5 MB.
System memory in use after: 130.6 MB.

Unloading 49 unused Assets to reduce memory usage. Loaded Objects now: 2069.
Total: 5.352745 ms (FindLiveObjects: 0.192538 ms CreateObjectMapping: 0.057152 ms MarkObjects: 5.027613 ms  DeleteObjects: 0.074357 ms)

========================================================================
Received Import Request.
  path: Assets/Textures/background_back.png
  artifactKey: Guid(4dea3ada2536146b4a8db2b5e4fecb26) Importer(815301076,1909f56bfc062723c751e8b465ee728b)
Start importing Assets/Textures/background_back.png using Guid(4dea3ada2536146b4a8db2b5e4fecb26) Importer(815301076,1909f56bfc062723c751e8b465ee728b)  -> (artifact id: '82105259e0d4e8f313942ab6f71e8863') in 1.545817 seconds
  Import took 1.550444 seconds .

========================================================================
Received Import Request.
  Time since last request: 0.000200 seconds.
  path: Assets/Textures/background_back.png
  artifactKey: Guid(4dea3ada2536146b4a8db2b5e4fecb26) Importer(815301076,1909f56bfc062723c751e8b465ee728b)
Start importing Assets/Textures/background_back.png using Guid(4dea3ada2536146b4a8db2b5e4fecb26) Importer(815301076,1909f56bfc062723c751e8b465ee728b)  -> (artifact id: '82105259e0d4e8f313942ab6f71e8863') in 0.010943 seconds
  Import took 0.013241 seconds .

========================================================================
Received Import Request.
  Time since last request: 0.000290 seconds.
  path: Assets/Textures/background_front.png
  artifactKey: Guid(0f5b5cb4423b54f29b042a6eea6f3510) Importer(815301076,1909f56bfc062723c751e8b465ee728b)
Start importing Assets/Textures/background_front.png using Guid(0f5b5cb4423b54f29b042a6eea6f3510) Importer(815301076,1909f56bfc062723c751e8b465ee728b)  -> (artifact id: 'dff72dda480970890974366c022e4687') in 0.011573 seconds
  Import took 0.015109 seconds .

========================================================================
Received Import Request.
  Time since last request: 0.000226 seconds.
  path: Assets/Textures/background_middle.png
  artifactKey: Guid(56aab8f3785584bccbddbf103c08f3d1) Importer(815301076,1909f56bfc062723c751e8b465ee728b)
Start importing Assets/Textures/background_middle.png using Guid(56aab8f3785584bccbddbf103c08f3d1) Importer(815301076,1909f56bfc062723c751e8b465ee728b)  -> (artifact id: '2637c56fec2dee66d7f124bf93a9daf7') in 0.012545 seconds
  Import took 0.016096 seconds .

========================================================================
Received Import Request.
  Time since last request: 9.339403 seconds.
  path: Assets/Textures/New Scene.unity
  artifactKey: Guid(ed01a4bafa9144f2f919e66a0a837a32) Importer(815301076,1909f56bfc062723c751e8b465ee728b)
Start importing Assets/Textures/New Scene.unity using Guid(ed01a4bafa9144f2f919e66a0a837a32) Importer(815301076,1909f56bfc062723c751e8b465ee728b)  -> (artifact id: '71586a8eaeef711f3bb680b96d2640b7') in 0.001908 seconds
  Import took 0.004777 seconds .

========================================================================
Received Import Request.
  Time since last request: 0.016951 seconds.
  path: Assets/Textures/New Scene.unity
  artifactKey: Guid(ed01a4bafa9144f2f919e66a0a837a32) Importer(815301076,1909f56bfc062723c751e8b465ee728b)
Start importing Assets/Textures/New Scene.unity using Guid(ed01a4bafa9144f2f919e66a0a837a32) Importer(815301076,1909f56bfc062723c751e8b465ee728b)  -> (artifact id: '71586a8eaeef711f3bb680b96d2640b7') in 0.001352 seconds
  Import took 0.003916 seconds .

========================================================================
Received Import Request.
  Time since last request: 17.947163 seconds.
  path: Assets/Textures/Main.unity
  artifactKey: Guid(ed01a4bafa9144f2f919e66a0a837a32) Importer(815301076,1909f56bfc062723c751e8b465ee728b)
Start importing Assets/Textures/Main.unity using Guid(ed01a4bafa9144f2f919e66a0a837a32) Importer(815301076,1909f56bfc062723c751e8b465ee728b)  -> (artifact id: '2b2b124e9b60df49c809e81036cdf792') in 0.002156 seconds
  Import took 0.006183 seconds .

========================================================================
Received Import Request.
  Time since last request: 37.023712 seconds.
  path: Assets/Scenes
  artifactKey: Guid(087bd2beae07b4776a7f118b2871bcda) Importer(815301076,1909f56bfc062723c751e8b465ee728b)
Start importing Assets/Scenes using Guid(087bd2beae07b4776a7f118b2871bcda) Importer(815301076,1909f56bfc062723c751e8b465ee728b)  -> (artifact id: '9af8b4aa3480b18dc5dfb7b37684c20e') in 0.001832 seconds
  Import took 0.006430 seconds .

========================================================================
Received Import Request.
  Time since last request: 146.983079 seconds.
  path: Assets/Textures/background_back.png
  artifactKey: Guid(4dea3ada2536146b4a8db2b5e4fecb26) Importer(815301076,1909f56bfc062723c751e8b465ee728b)
Start importing Assets/Textures/background_back.png using Guid(4dea3ada2536146b4a8db2b5e4fecb26) Importer(815301076,1909f56bfc062723c751e8b465ee728b)  -> (artifact id: '52797092098fb64d964a1208447805c2') in 0.068700 seconds
  Import took 0.072211 seconds .

========================================================================
Received Import Request.
  Time since last request: 52.233244 seconds.
  path: Assets/Textures/background_front.png
  artifactKey: Guid(0f5b5cb4423b54f29b042a6eea6f3510) Importer(815301076,1909f56bfc062723c751e8b465ee728b)
Start importing Assets/Textures/background_front.png using Guid(0f5b5cb4423b54f29b042a6eea6f3510) Importer(815301076,1909f56bfc062723c751e8b465ee728b)  -> (artifact id: 'a5ed651456b1d9cfae5386ac355cb65f') in 0.020658 seconds
  Import took 0.026220 seconds .

========================================================================
Received Import Request.
  Time since last request: 0.000343 seconds.
  path: Assets/Textures/background_middle.png
  artifactKey: Guid(56aab8f3785584bccbddbf103c08f3d1) Importer(815301076,1909f56bfc062723c751e8b465ee728b)
Start importing Assets/Textures/background_middle.png using Guid(56aab8f3785584bccbddbf103c08f3d1) Importer(815301076,1909f56bfc062723c751e8b465ee728b)  -> (artifact id: 'f6d79145c93309b8a56f499d14d2dd51') in 0.022250 seconds
  Import took 0.026557 seconds .

========================================================================
Received Prepare
Registering precompiled user dll's ...
Registered in 0.001783 seconds.
Begin MonoManager ReloadAssembly
Native extension for OSXStandalone target not found
Refreshing native plugins compatible for Editor in 0.57 ms, found 1 plugins.
Preloading 0 native plugins for Editor in 0.00 ms.
Mono: successfully reloaded assembly
- Completed reload, in  1.197 seconds
Platform modules already initialized, skipping
Refreshing native plugins compatible for Editor in 0.52 ms, found 1 plugins.
Preloading 0 native plugins for Editor in 0.00 ms.
Unloading 1652 Unused Serialized files (Serialized files now loaded: 0)
System memory in use before: 138.4 MB.
System memory in use after: 138.5 MB.

Unloading 40 unused Assets to reduce memory usage. Loaded Objects now: 2080.
Total: 5.631252 ms (FindLiveObjects: 0.284244 ms CreateObjectMapping: 0.101697 ms MarkObjects: 5.196755 ms  DeleteObjects: 0.047125 ms)

========================================================================
Received Import Request.
  Time since last request: 784.098889 seconds.
  path: Assets/Scripts/NewBehaviourScript.cs
  artifactKey: Guid(e0bae08e511a7452ca1c4e88777e2cab) Importer(815301076,1909f56bfc062723c751e8b465ee728b)
Start importing Assets/Scripts/NewBehaviourScript.cs using Guid(e0bae08e511a7452ca1c4e88777e2cab) Importer(815301076,1909f56bfc062723c751e8b465ee728b)  -> (artifact id: 'a2a4d3ce2350c78eadf5e3994633a125') in 0.419365 seconds
  Import took 0.422623 seconds .

========================================================================
Received Import Request.
  Time since last request: 53.346820 seconds.
  path: Assets/Scripts/BackGroundScroll.cs
  artifactKey: Guid(e0bae08e511a7452ca1c4e88777e2cab) Importer(815301076,1909f56bfc062723c751e8b465ee728b)
Start importing Assets/Scripts/BackGroundScroll.cs using Guid(e0bae08e511a7452ca1c4e88777e2cab) Importer(815301076,1909f56bfc062723c751e8b465ee728b)  -> (artifact id: 'f36417a13795cfc5668a92d8c63aef15') in 0.003595 seconds
  Import took 0.010124 seconds .

========================================================================
Received Prepare
Registering precompiled user dll's ...
Registered in 0.002199 seconds.
Begin MonoManager ReloadAssembly
Native extension for OSXStandalone target not found
Refreshing native plugins compatible for Editor in 0.59 ms, found 1 plugins.
Preloading 0 native plugins for Editor in 0.00 ms.
Mono: successfully reloaded assembly
- Completed reload, in  1.065 seconds
Platform modules already initialized, skipping
Refreshing native plugins compatible for Editor in 0.53 ms, found 1 plugins.
Preloading 0 native plugins for Editor in 0.00 ms.
Unloading 1652 Unused Serialized files (Serialized files now loaded: 0)
System memory in use before: 142.8 MB.
System memory in use after: 143.0 MB.

Unloading 40 unused Assets to reduce memory usage. Loaded Objects now: 2083.
Total: 7.005606 ms (FindLiveObjects: 0.354117 ms CreateObjectMapping: 0.109400 ms MarkObjects: 6.508240 ms  DeleteObjects: 0.032306 ms)

========================================================================
Received Prepare
Registering precompiled user dll's ...
Registered in 0.001838 seconds.
Begin MonoManager ReloadAssembly
Native extension for OSXStandalone target not found
Refreshing native plugins compatible for Editor in 0.55 ms, found 1 plugins.
Preloading 0 native plugins for Editor in 0.00 ms.
Mono: successfully reloaded assembly
- Completed reload, in  1.171 seconds
Platform modules already initialized, skipping
Refreshing native plugins compatible for Editor in 0.58 ms, found 1 plugins.
Preloading 0 native plugins for Editor in 0.00 ms.
Unloading 1652 Unused Serialized files (Serialized files now loaded: 0)
System memory in use before: 143.0 MB.
System memory in use after: 143.2 MB.

Unloading 40 unused Assets to reduce memory usage. Loaded Objects now: 2086.
Total: 5.081333 ms (FindLiveObjects: 0.195057 ms CreateObjectMapping: 0.057240 ms MarkObjects: 4.792370 ms  DeleteObjects: 0.035231 ms)

========================================================================
Received Import Request.
  Time since last request: 142.276889 seconds.
  path: Assets/Scripts/BackGroundScroll.cs
  artifactKey: Guid(e0bae08e511a7452ca1c4e88777e2cab) Importer(815301076,1909f56bfc062723c751e8b465ee728b)
Start importing Assets/Scripts/BackGroundScroll.cs using Guid(e0bae08e511a7452ca1c4e88777e2cab) Importer(815301076,1909f56bfc062723c751e8b465ee728b)  -> (artifact id: 'c5c3f8b371e9e333d41d43a31c1b4264') in 0.004601 seconds
  Import took 0.008121 seconds .

========================================================================
Received Import Request.
  Time since last request: 2.030202 seconds.
  path: Assets/Scripts/BackGroundScroll.cs
  artifactKey: Guid(e0bae08e511a7452ca1c4e88777e2cab) Importer(815301076,1909f56bfc062723c751e8b465ee728b)
Start importing Assets/Scripts/BackGroundScroll.cs using Guid(e0bae08e511a7452ca1c4e88777e2cab) Importer(815301076,1909f56bfc062723c751e8b465ee728b)  -> (artifact id: 'c5c3f8b371e9e333d41d43a31c1b4264') in 0.002302 seconds
  Import took 0.005364 seconds .

========================================================================
Received Prepare
Registering precompiled user dll's ...
Registered in 0.001873 seconds.
Begin MonoManager ReloadAssembly
Native extension for OSXStandalone target not found
Refreshing native plugins compatible for Editor in 0.75 ms, found 1 plugins.
Preloading 0 native plugins for Editor in 0.00 ms.
Mono: successfully reloaded assembly
- Completed reload, in  1.136 seconds
Platform modules already initialized, skipping
Refreshing native plugins compatible for Editor in 0.60 ms, found 1 plugins.
Preloading 0 native plugins for Editor in 0.00 ms.
Unloading 1652 Unused Serialized files (Serialized files now loaded: 0)
System memory in use before: 143.3 MB.
System memory in use after: 143.4 MB.

Unloading 40 unused Assets to reduce memory usage. Loaded Objects now: 2089.
Total: 5.279350 ms (FindLiveObjects: 0.191892 ms CreateObjectMapping: 0.050698 ms MarkObjects: 5.008027 ms  DeleteObjects: 0.027380 ms)

========================================================================
Received Prepare
Registering precompiled user dll's ...
Registered in 0.004823 seconds.
Begin MonoManager ReloadAssembly
Native extension for OSXStandalone target not found
Refreshing native plugins compatible for Editor in 0.57 ms, found 1 plugins.
Preloading 0 native plugins for Editor in 0.00 ms.
Mono: successfully reloaded assembly
- Completed reload, in  1.248 seconds
Platform modules already initialized, skipping
Refreshing native plugins compatible for Editor in 0.62 ms, found 1 plugins.
Preloading 0 native plugins for Editor in 0.00 ms.
Unloading 1652 Unused Serialized files (Serialized files now loaded: 0)
System memory in use before: 143.5 MB.
System memory in use after: 143.6 MB.

Unloading 40 unused Assets to reduce memory usage. Loaded Objects now: 2092.
Total: 5.147671 ms (FindLiveObjects: 0.182950 ms CreateObjectMapping: 0.056237 ms MarkObjects: 4.876823 ms  DeleteObjects: 0.030414 ms)

========================================================================
Received Prepare
Registering precompiled user dll's ...
Registered in 0.002221 seconds.
Begin MonoManager ReloadAssembly
Native extension for OSXStandalone target not found
Refreshing native plugins compatible for Editor in 0.57 ms, found 1 plugins.
Preloading 0 native plugins for Editor in 0.00 ms.
Mono: successfully reloaded assembly
- Completed reload, in  1.091 seconds
Platform modules already initialized, skipping
Refreshing native plugins compatible for Editor in 0.60 ms, found 1 plugins.
Preloading 0 native plugins for Editor in 0.00 ms.
Unloading 1652 Unused Serialized files (Serialized files now loaded: 0)
System memory in use before: 143.7 MB.
System memory in use after: 143.8 MB.

Unloading 40 unused Assets to reduce memory usage. Loaded Objects now: 2095.
Total: 5.438536 ms (FindLiveObjects: 0.317931 ms CreateObjectMapping: 0.063096 ms MarkObjects: 4.993680 ms  DeleteObjects: 0.062055 ms)

========================================================================
Received Prepare
Registering precompiled user dll's ...
Registered in 0.003362 seconds.
Begin MonoManager ReloadAssembly
Native extension for OSXStandalone target not found
Refreshing native plugins compatible for Editor in 0.54 ms, found 1 plugins.
Preloading 0 native plugins for Editor in 0.00 ms.
Mono: successfully reloaded assembly
- Completed reload, in  1.096 seconds
Platform modules already initialized, skipping
Refreshing native plugins compatible for Editor in 0.54 ms, found 1 plugins.
Preloading 0 native plugins for Editor in 0.00 ms.
Unloading 1652 Unused Serialized files (Serialized files now loaded: 0)
System memory in use before: 143.8 MB.
System memory in use after: 143.9 MB.

Unloading 40 unused Assets to reduce memory usage. Loaded Objects now: 2098.
Total: 5.307416 ms (FindLiveObjects: 0.168681 ms CreateObjectMapping: 0.046709 ms MarkObjects: 5.063366 ms  DeleteObjects: 0.027490 ms)

========================================================================
Received Prepare
Registering precompiled user dll's ...
Registered in 0.002311 seconds.
Begin MonoManager ReloadAssembly
Native extension for OSXStandalone target not found
Refreshing native plugins compatible for Editor in 0.60 ms, found 1 plugins.
Preloading 0 native plugins for Editor in 0.00 ms.
Mono: successfully reloaded assembly
- Completed reload, in  1.071 seconds
Platform modules already initialized, skipping
Refreshing native plugins compatible for Editor in 0.59 ms, found 1 plugins.
Preloading 0 native plugins for Editor in 0.00 ms.
Unloading 1652 Unused Serialized files (Serialized files now loaded: 0)
System memory in use before: 144.1 MB.
System memory in use after: 144.2 MB.

Unloading 40 unused Assets to reduce memory usage. Loaded Objects now: 2101.
Total: 5.041730 ms (FindLiveObjects: 0.202466 ms CreateObjectMapping: 0.050389 ms MarkObjects: 4.758319 ms  DeleteObjects: 0.029205 ms)

========================================================================
Received Prepare
Registering precompiled user dll's ...
Registered in 0.001832 seconds.
Begin MonoManager ReloadAssembly
Native extension for OSXStandalone target not found
Refreshing native plugins compatible for Editor in 0.58 ms, found 1 plugins.
Preloading 0 native plugins for Editor in 0.00 ms.
Mono: successfully reloaded assembly
- Completed reload, in  1.069 seconds
Platform modules already initialized, skipping
Refreshing native plugins compatible for Editor in 0.53 ms, found 1 plugins.
Preloading 0 native plugins for Editor in 0.00 ms.
Unloading 1652 Unused Serialized files (Serialized files now loaded: 0)
System memory in use before: 144.2 MB.
System memory in use after: 144.4 MB.

Unloading 40 unused Assets to reduce memory usage. Loaded Objects now: 2104.
Total: 4.898784 ms (FindLiveObjects: 0.164425 ms CreateObjectMapping: 0.051871 ms MarkObjects: 4.652013 ms  DeleteObjects: 0.029447 ms)

