Using pre-set license

 COMMAND LINE ARGUMENTS:
/Users/shimizuyuusaku/Unity/2020.3.8f1/Unity.app/Contents/MacOS/Unity
-adb2
-batchMode
-noUpm
-name
AssetImportWorker1
-projectPath
/Users/shimizuyuusaku/Unity/2d-shooting
-logFile
Logs/AssetImportWorker1.log
-srvPort
49391
Successfully changed project path to: /Users/shimizuyuusaku/Unity/2d-shooting
/Users/shimizuyuusaku/Unity/2d-shooting
Using Asset Import Pipeline V2.
Refreshing native plugins compatible for Editor in 54.11 ms, found 1 plugins.
Preloading 0 native plugins for Editor in 0.00 ms.
Initialize engine version: 2020.3.8f1 (507919d4fff5)
[Subsystems] Discovering subsystems at path /Users/shimizuyuusaku/Unity/2020.3.8f1/Unity.app/Contents/Resources/UnitySubsystems
[Subsystems] Discovering subsystems at path /Users/shimizuyuusaku/Unity/2d-shooting/Assets
GfxDevice: creating device client; threaded=0
2021-05-20 11:43:10.729 Unity[20408:713098] Color LCD preferred device: Intel(R) Iris(TM) Plus Graphics 645 (low power)
2021-05-20 11:43:10.730 Unity[20408:713098] Metal devices available: 1
2021-05-20 11:43:10.730 Unity[20408:713098] 0: Intel(R) Iris(TM) Plus Graphics 645 (low power)
2021-05-20 11:43:10.730 Unity[20408:713098] Using device Intel(R) Iris(TM) Plus Graphics 645 (low power)
Initializing Metal device caps: Intel(R) Iris(TM) Plus Graphics 645
Initialize mono
Mono path[0] = '/Users/shimizuyuusaku/Unity/2020.3.8f1/Unity.app/Contents/Managed'
Mono path[1] = '/Users/shimizuyuusaku/Unity/2020.3.8f1/Unity.app/Contents/MonoBleedingEdge/lib/mono/unityjit'
Mono config path = '/Users/shimizuyuusaku/Unity/2020.3.8f1/Unity.app/Contents/MonoBleedingEdge/etc'
Using monoOptions --debugger-agent=transport=dt_socket,embedding=1,server=y,suspend=n,address=127.0.0.1:56408
Begin MonoManager ReloadAssembly
Registering precompiled unity dll's ...
Register platform support module: /Users/shimizuyuusaku/Unity/2020.3.8f1/Unity.app/Contents/PlaybackEngines/MacStandaloneSupport/UnityEditor.OSXStandalone.Extensions.dll
Registered in 0.000824 seconds.
Native extension for OSXStandalone target not found
Refreshing native plugins compatible for Editor in 48.95 ms, found 1 plugins.
Preloading 0 native plugins for Editor in 0.00 ms.
Mono: successfully reloaded assembly
- Completed reload, in  8.266 seconds
Platform modules already initialized, skipping
Registering precompiled user dll's ...
Registered in 0.001729 seconds.
Begin MonoManager ReloadAssembly
Native extension for OSXStandalone target not found
Refreshing native plugins compatible for Editor in 0.65 ms, found 1 plugins.
Preloading 0 native plugins for Editor in 0.00 ms.
Mono: successfully reloaded assembly
- Completed reload, in  1.198 seconds
Platform modules already initialized, skipping
========================================================================
Worker process is ready to serve import requests
Launching external process: /Users/shimizuyuusaku/Unity/2020.3.8f1/Unity.app/Contents/Tools/UnityShaderCompiler
Launched and connected shader compiler UnityShaderCompiler after 0.02 seconds
Refreshing native plugins compatible for Editor in 0.90 ms, found 1 plugins.
Preloading 0 native plugins for Editor in 0.00 ms.
Unloading 1665 Unused Serialized files (Serialized files now loaded: 0)
System memory in use before: 130.9 MB.
System memory in use after: 131.0 MB.

Unloading 49 unused Assets to reduce memory usage. Loaded Objects now: 2079.
Total: 6.475025 ms (FindLiveObjects: 0.287201 ms CreateObjectMapping: 0.077697 ms MarkObjects: 6.027798 ms  DeleteObjects: 0.081005 ms)

========================================================================
Received Import Request.
  path: Assets/Scripts/EnemyBullet.cs
  artifactKey: Guid(1d1cb8596859b4d01ade7d36ba4e68a0) Importer(815301076,1909f56bfc062723c751e8b465ee728b)
Start importing Assets/Scripts/EnemyBullet.cs using Guid(1d1cb8596859b4d01ade7d36ba4e68a0) Importer(815301076,1909f56bfc062723c751e8b465ee728b)  -> (artifact id: '61b97f1fea1b7ff07e4621551f9b23c6') in 0.415743 seconds
  Import took 0.419406 seconds .

========================================================================
Received Prepare
Registering precompiled user dll's ...
Registered in 0.002427 seconds.
Begin MonoManager ReloadAssembly
Native extension for OSXStandalone target not found
Refreshing native plugins compatible for Editor in 0.63 ms, found 1 plugins.
Preloading 0 native plugins for Editor in 0.00 ms.
Mono: successfully reloaded assembly
- Completed reload, in  1.087 seconds
Platform modules already initialized, skipping
Refreshing native plugins compatible for Editor in 0.81 ms, found 1 plugins.
Preloading 0 native plugins for Editor in 0.00 ms.
Unloading 1659 Unused Serialized files (Serialized files now loaded: 0)
System memory in use before: 135.3 MB.
System memory in use after: 135.4 MB.

Unloading 40 unused Assets to reduce memory usage. Loaded Objects now: 2082.
Total: 6.986600 ms (FindLiveObjects: 0.277092 ms CreateObjectMapping: 0.087405 ms MarkObjects: 6.597790 ms  DeleteObjects: 0.023217 ms)

========================================================================
Received Import Request.
  Time since last request: 10.585155 seconds.
  path: Assets/Scripts/EnemyBullet.cs
  artifactKey: Guid(1d1cb8596859b4d01ade7d36ba4e68a0) Importer(815301076,1909f56bfc062723c751e8b465ee728b)
Start importing Assets/Scripts/EnemyBullet.cs using Guid(1d1cb8596859b4d01ade7d36ba4e68a0) Importer(815301076,1909f56bfc062723c751e8b465ee728b)  -> (artifact id: '72deae9dcc63d094ac42cd55cc6c300c') in 0.007569 seconds
  Import took 0.010482 seconds .

========================================================================
Received Import Request.
  Time since last request: 1.713925 seconds.
  path: Assets/Scripts/EnemyBullet.cs
  artifactKey: Guid(1d1cb8596859b4d01ade7d36ba4e68a0) Importer(815301076,1909f56bfc062723c751e8b465ee728b)
Start importing Assets/Scripts/EnemyBullet.cs using Guid(1d1cb8596859b4d01ade7d36ba4e68a0) Importer(815301076,1909f56bfc062723c751e8b465ee728b)  -> (artifact id: '72deae9dcc63d094ac42cd55cc6c300c') in 0.004205 seconds
  Import took 0.006735 seconds .

========================================================================
Received Prepare
Registering precompiled user dll's ...
Registered in 0.001968 seconds.
Begin MonoManager ReloadAssembly
Native extension for OSXStandalone target not found
Refreshing native plugins compatible for Editor in 0.59 ms, found 1 plugins.
Preloading 0 native plugins for Editor in 0.00 ms.
Mono: successfully reloaded assembly
- Completed reload, in  1.077 seconds
Platform modules already initialized, skipping
Refreshing native plugins compatible for Editor in 0.60 ms, found 1 plugins.
Preloading 0 native plugins for Editor in 0.00 ms.
Unloading 1659 Unused Serialized files (Serialized files now loaded: 0)
System memory in use before: 135.6 MB.
System memory in use after: 135.7 MB.

Unloading 40 unused Assets to reduce memory usage. Loaded Objects now: 2085.
Total: 5.274109 ms (FindLiveObjects: 0.318244 ms CreateObjectMapping: 0.112704 ms MarkObjects: 4.816481 ms  DeleteObjects: 0.025517 ms)

========================================================================
Received Import Request.
  Time since last request: 71.410058 seconds.
  path: Assets/Prefabs/EnemyBullet.prefab
  artifactKey: Guid(0079c48a6cbaa4123814d76fb55dab59) Importer(815301076,1909f56bfc062723c751e8b465ee728b)
Start importing Assets/Prefabs/EnemyBullet.prefab using Guid(0079c48a6cbaa4123814d76fb55dab59) Importer(815301076,1909f56bfc062723c751e8b465ee728b)  -> (artifact id: '1872b151f0b0434091410105916abb85') in 1.083901 seconds
  Import took 1.087660 seconds .

========================================================================
Received Import Request.
  Time since last request: 241.936172 seconds.
  path: Assets/Prefabs/EnemyShip.prefab
  artifactKey: Guid(0814b63b3912d4c5d8538d97c5c59289) Importer(815301076,1909f56bfc062723c751e8b465ee728b)
Start importing Assets/Prefabs/EnemyShip.prefab using Guid(0814b63b3912d4c5d8538d97c5c59289) Importer(815301076,1909f56bfc062723c751e8b465ee728b)  -> (artifact id: '26dd5263dbedccf4ec7cc56b61a28e87') in 0.039502 seconds
  Import took 0.043276 seconds .

========================================================================
Received Import Request.
  Time since last request: 16.767746 seconds.
  path: Assets/Prefabs/EnemyShip.prefab
  artifactKey: Guid(0814b63b3912d4c5d8538d97c5c59289) Importer(815301076,1909f56bfc062723c751e8b465ee728b)
Start importing Assets/Prefabs/EnemyShip.prefab using Guid(0814b63b3912d4c5d8538d97c5c59289) Importer(815301076,1909f56bfc062723c751e8b465ee728b)  -> (artifact id: 'b2b26f54ee227e329fd44cec7e122456') in 0.025795 seconds
  Import took 0.029448 seconds .

========================================================================
Received Prepare
Registering precompiled user dll's ...
Registered in 0.001884 seconds.
Begin MonoManager ReloadAssembly
Native extension for OSXStandalone target not found
Refreshing native plugins compatible for Editor in 0.58 ms, found 1 plugins.
Preloading 0 native plugins for Editor in 0.00 ms.
Mono: successfully reloaded assembly
- Completed reload, in  1.095 seconds
Platform modules already initialized, skipping
Refreshing native plugins compatible for Editor in 0.54 ms, found 1 plugins.
Preloading 0 native plugins for Editor in 0.00 ms.
Unloading 1659 Unused Serialized files (Serialized files now loaded: 0)
System memory in use before: 144.6 MB.
System memory in use after: 144.7 MB.

Unloading 40 unused Assets to reduce memory usage. Loaded Objects now: 2095.
Total: 6.378187 ms (FindLiveObjects: 0.177431 ms CreateObjectMapping: 0.060222 ms MarkObjects: 6.109124 ms  DeleteObjects: 0.030019 ms)

========================================================================
Received Import Request.
  Time since last request: 118.474645 seconds.
  path: Assets/Prefabs/EnemyShip.prefab
  artifactKey: Guid(0814b63b3912d4c5d8538d97c5c59289) Importer(815301076,1909f56bfc062723c751e8b465ee728b)
Start importing Assets/Prefabs/EnemyShip.prefab using Guid(0814b63b3912d4c5d8538d97c5c59289) Importer(815301076,1909f56bfc062723c751e8b465ee728b)  -> (artifact id: 'fed9ed94064fb93efc2bea8e091256c8') in 0.081714 seconds
  Import took 0.086450 seconds .

========================================================================
Received Import Request.
  Time since last request: 17.770860 seconds.
  path: Assets/Prefabs/EnemyShip.prefab
  artifactKey: Guid(0814b63b3912d4c5d8538d97c5c59289) Importer(815301076,1909f56bfc062723c751e8b465ee728b)
Start importing Assets/Prefabs/EnemyShip.prefab using Guid(0814b63b3912d4c5d8538d97c5c59289) Importer(815301076,1909f56bfc062723c751e8b465ee728b)  -> (artifact id: 'fbedd380ccd9620c658b18c0e1443456') in 0.020043 seconds
  Import took 0.024145 seconds .

========================================================================
Received Import Request.
  Time since last request: 16.955101 seconds.
  path: Assets/Prefabs/EnemyShip.prefab
  artifactKey: Guid(0814b63b3912d4c5d8538d97c5c59289) Importer(815301076,1909f56bfc062723c751e8b465ee728b)
Start importing Assets/Prefabs/EnemyShip.prefab using Guid(0814b63b3912d4c5d8538d97c5c59289) Importer(815301076,1909f56bfc062723c751e8b465ee728b)  -> (artifact id: '6890eff2d46d8ffadc40bb3263c5e387') in 0.032633 seconds
  Import took 0.036562 seconds .

========================================================================
Received Import Request.
  Time since last request: 58.032751 seconds.
  path: Assets/Prefabs/EnemyShip.prefab
  artifactKey: Guid(0814b63b3912d4c5d8538d97c5c59289) Importer(815301076,1909f56bfc062723c751e8b465ee728b)
Start importing Assets/Prefabs/EnemyShip.prefab using Guid(0814b63b3912d4c5d8538d97c5c59289) Importer(815301076,1909f56bfc062723c751e8b465ee728b)  -> (artifact id: 'f5824ba846844fdf9f8b4ad69321aa5b') in 0.050490 seconds
  Import took 0.055650 seconds .

========================================================================
Received Import Request.
  Time since last request: 74.447455 seconds.
  path: Assets/Prefabs/EnemyShip.prefab
  artifactKey: Guid(0814b63b3912d4c5d8538d97c5c59289) Importer(815301076,1909f56bfc062723c751e8b465ee728b)
Start importing Assets/Prefabs/EnemyShip.prefab using Guid(0814b63b3912d4c5d8538d97c5c59289) Importer(815301076,1909f56bfc062723c751e8b465ee728b)  -> (artifact id: '39430ec61afe5d4690939e868509c73d') in 0.037553 seconds
  Import took 0.042826 seconds .

========================================================================
Received Prepare
Registering precompiled user dll's ...
Registered in 0.001857 seconds.
Begin MonoManager ReloadAssembly
Native extension for OSXStandalone target not found
Refreshing native plugins compatible for Editor in 0.68 ms, found 1 plugins.
Preloading 0 native plugins for Editor in 0.00 ms.
Mono: successfully reloaded assembly
- Completed reload, in  1.078 seconds
Platform modules already initialized, skipping
Refreshing native plugins compatible for Editor in 0.57 ms, found 1 plugins.
Preloading 0 native plugins for Editor in 0.00 ms.
Unloading 1659 Unused Serialized files (Serialized files now loaded: 0)
System memory in use before: 144.9 MB.
System memory in use after: 145.1 MB.

Unloading 40 unused Assets to reduce memory usage. Loaded Objects now: 2099.
Total: 5.055500 ms (FindLiveObjects: 0.199277 ms CreateObjectMapping: 0.064168 ms MarkObjects: 4.761183 ms  DeleteObjects: 0.029671 ms)

========================================================================
Received Prepare
Registering precompiled user dll's ...
Registered in 0.004541 seconds.
Begin MonoManager ReloadAssembly
Native extension for OSXStandalone target not found
Refreshing native plugins compatible for Editor in 0.54 ms, found 1 plugins.
Preloading 0 native plugins for Editor in 0.00 ms.
Mono: successfully reloaded assembly
- Completed reload, in  1.149 seconds
Platform modules already initialized, skipping
Refreshing native plugins compatible for Editor in 0.54 ms, found 1 plugins.
Preloading 0 native plugins for Editor in 0.00 ms.
Unloading 1659 Unused Serialized files (Serialized files now loaded: 0)
System memory in use before: 145.1 MB.
System memory in use after: 145.3 MB.

Unloading 40 unused Assets to reduce memory usage. Loaded Objects now: 2102.
Total: 6.190158 ms (FindLiveObjects: 0.196322 ms CreateObjectMapping: 0.065050 ms MarkObjects: 5.896731 ms  DeleteObjects: 0.030407 ms)

========================================================================
Received Prepare
Registering precompiled user dll's ...
Registered in 0.002082 seconds.
Begin MonoManager ReloadAssembly
Native extension for OSXStandalone target not found
Refreshing native plugins compatible for Editor in 0.59 ms, found 1 plugins.
Preloading 0 native plugins for Editor in 0.00 ms.
Mono: successfully reloaded assembly
- Completed reload, in  1.108 seconds
Platform modules already initialized, skipping
Refreshing native plugins compatible for Editor in 0.54 ms, found 1 plugins.
Preloading 0 native plugins for Editor in 0.00 ms.
Unloading 1659 Unused Serialized files (Serialized files now loaded: 0)
System memory in use before: 145.3 MB.
System memory in use after: 145.4 MB.

Unloading 40 unused Assets to reduce memory usage. Loaded Objects now: 2105.
Total: 5.311441 ms (FindLiveObjects: 0.173598 ms CreateObjectMapping: 0.053079 ms MarkObjects: 5.048194 ms  DeleteObjects: 0.035451 ms)

========================================================================
Received Prepare
Registering precompiled user dll's ...
Registered in 0.004704 seconds.
Begin MonoManager ReloadAssembly
Native extension for OSXStandalone target not found
Refreshing native plugins compatible for Editor in 0.63 ms, found 1 plugins.
Preloading 0 native plugins for Editor in 0.00 ms.
Mono: successfully reloaded assembly
- Completed reload, in  1.115 seconds
Platform modules already initialized, skipping
Refreshing native plugins compatible for Editor in 0.52 ms, found 1 plugins.
Preloading 0 native plugins for Editor in 0.00 ms.
Unloading 1659 Unused Serialized files (Serialized files now loaded: 0)
System memory in use before: 145.5 MB.
System memory in use after: 145.6 MB.

Unloading 40 unused Assets to reduce memory usage. Loaded Objects now: 2108.
Total: 6.280743 ms (FindLiveObjects: 0.173854 ms CreateObjectMapping: 0.057844 ms MarkObjects: 6.013566 ms  DeleteObjects: 0.034249 ms)

========================================================================
Received Import Request.
  Time since last request: 1132.134487 seconds.
  path: Assets/Prefabs/EnemyBullet.prefab
  artifactKey: Guid(0079c48a6cbaa4123814d76fb55dab59) Importer(815301076,1909f56bfc062723c751e8b465ee728b)
Start importing Assets/Prefabs/EnemyBullet.prefab using Guid(0079c48a6cbaa4123814d76fb55dab59) Importer(815301076,1909f56bfc062723c751e8b465ee728b)  -> (artifact id: '9e39db149be3680ef999d5c8308b20d7') in 0.117656 seconds
  Import took 0.128192 seconds .

========================================================================
Received Import Request.
  Time since last request: 7.302284 seconds.
  path: Assets/Prefabs/EnemyBullet.prefab
  artifactKey: Guid(0079c48a6cbaa4123814d76fb55dab59) Importer(815301076,1909f56bfc062723c751e8b465ee728b)
Start importing Assets/Prefabs/EnemyBullet.prefab using Guid(0079c48a6cbaa4123814d76fb55dab59) Importer(815301076,1909f56bfc062723c751e8b465ee728b)  -> (artifact id: '8d6c7252136e692fe37a84b2bacbab5b') in 0.020047 seconds
  Import took 0.024029 seconds .

========================================================================
Received Import Request.
  Time since last request: 7.269489 seconds.
  path: Assets/Prefabs/EnemyBullet.prefab
  artifactKey: Guid(0079c48a6cbaa4123814d76fb55dab59) Importer(815301076,1909f56bfc062723c751e8b465ee728b)
Start importing Assets/Prefabs/EnemyBullet.prefab using Guid(0079c48a6cbaa4123814d76fb55dab59) Importer(815301076,1909f56bfc062723c751e8b465ee728b)  -> (artifact id: 'f390fe72810bbb2371cf2ebfccb399ce') in 0.025724 seconds
  Import took 0.029532 seconds .

========================================================================
Received Prepare
Registering precompiled user dll's ...
Registered in 0.001991 seconds.
Begin MonoManager ReloadAssembly
Native extension for OSXStandalone target not found
Refreshing native plugins compatible for Editor in 0.62 ms, found 1 plugins.
Preloading 0 native plugins for Editor in 0.00 ms.
Mono: successfully reloaded assembly
- Completed reload, in  1.112 seconds
Platform modules already initialized, skipping
Refreshing native plugins compatible for Editor in 0.56 ms, found 1 plugins.
Preloading 0 native plugins for Editor in 0.00 ms.
Unloading 1659 Unused Serialized files (Serialized files now loaded: 0)
System memory in use before: 146.6 MB.
System memory in use after: 146.7 MB.

Unloading 40 unused Assets to reduce memory usage. Loaded Objects now: 2112.
Total: 4.897087 ms (FindLiveObjects: 0.204625 ms CreateObjectMapping: 0.063670 ms MarkObjects: 4.594136 ms  DeleteObjects: 0.033756 ms)

========================================================================
Received Prepare
Registering precompiled user dll's ...
Registered in 0.005294 seconds.
Begin MonoManager ReloadAssembly
Native extension for OSXStandalone target not found
Refreshing native plugins compatible for Editor in 0.58 ms, found 1 plugins.
Preloading 0 native plugins for Editor in 0.00 ms.
Mono: successfully reloaded assembly
- Completed reload, in  1.196 seconds
Platform modules already initialized, skipping
Refreshing native plugins compatible for Editor in 0.56 ms, found 1 plugins.
Preloading 0 native plugins for Editor in 0.00 ms.
Unloading 1659 Unused Serialized files (Serialized files now loaded: 0)
System memory in use before: 146.8 MB.
System memory in use after: 146.9 MB.

Unloading 40 unused Assets to reduce memory usage. Loaded Objects now: 2115.
Total: 5.302154 ms (FindLiveObjects: 0.177115 ms CreateObjectMapping: 0.052620 ms MarkObjects: 5.044309 ms  DeleteObjects: 0.026796 ms)

========================================================================
Received Import Request.
  Time since last request: 707.955634 seconds.
  path: Assets/Prefabs/EnemyBullet.prefab
  artifactKey: Guid(0079c48a6cbaa4123814d76fb55dab59) Importer(815301076,1909f56bfc062723c751e8b465ee728b)
Start importing Assets/Prefabs/EnemyBullet.prefab using Guid(0079c48a6cbaa4123814d76fb55dab59) Importer(815301076,1909f56bfc062723c751e8b465ee728b)  -> (artifact id: 'd4307655e50adaea803dba5ecd10206d') in 0.087402 seconds
  Import took 0.090970 seconds .

========================================================================
Received Prepare
Registering precompiled user dll's ...
Registered in 0.002055 seconds.
Begin MonoManager ReloadAssembly
Native extension for OSXStandalone target not found
Refreshing native plugins compatible for Editor in 0.64 ms, found 1 plugins.
Preloading 0 native plugins for Editor in 0.00 ms.
Mono: successfully reloaded assembly
- Completed reload, in  1.110 seconds
Platform modules already initialized, skipping
Refreshing native plugins compatible for Editor in 0.50 ms, found 1 plugins.
Preloading 0 native plugins for Editor in 0.00 ms.
Unloading 1659 Unused Serialized files (Serialized files now loaded: 0)
System memory in use before: 147.0 MB.
System memory in use after: 147.1 MB.

Unloading 40 unused Assets to reduce memory usage. Loaded Objects now: 2119.
Total: 5.113892 ms (FindLiveObjects: 0.260257 ms CreateObjectMapping: 0.071010 ms MarkObjects: 4.758279 ms  DeleteObjects: 0.023171 ms)

========================================================================
Received Prepare
Registering precompiled user dll's ...
Registered in 0.001854 seconds.
Begin MonoManager ReloadAssembly
Native extension for OSXStandalone target not found
Refreshing native plugins compatible for Editor in 0.59 ms, found 1 plugins.
Preloading 0 native plugins for Editor in 0.00 ms.
Mono: successfully reloaded assembly
- Completed reload, in  1.063 seconds
Platform modules already initialized, skipping
Refreshing native plugins compatible for Editor in 0.52 ms, found 1 plugins.
Preloading 0 native plugins for Editor in 0.00 ms.
Unloading 1659 Unused Serialized files (Serialized files now loaded: 0)
System memory in use before: 147.2 MB.
System memory in use after: 147.3 MB.

Unloading 40 unused Assets to reduce memory usage. Loaded Objects now: 2122.
Total: 5.029901 ms (FindLiveObjects: 0.165945 ms CreateObjectMapping: 0.055416 ms MarkObjects: 4.784447 ms  DeleteObjects: 0.023023 ms)

========================================================================
Received Prepare
Registering precompiled user dll's ...
Registered in 0.001875 seconds.
Begin MonoManager ReloadAssembly
Native extension for OSXStandalone target not found
Refreshing native plugins compatible for Editor in 0.62 ms, found 1 plugins.
Preloading 0 native plugins for Editor in 0.00 ms.
Mono: successfully reloaded assembly
- Completed reload, in  1.064 seconds
Platform modules already initialized, skipping
Refreshing native plugins compatible for Editor in 0.64 ms, found 1 plugins.
Preloading 0 native plugins for Editor in 0.00 ms.
Unloading 1659 Unused Serialized files (Serialized files now loaded: 0)
System memory in use before: 147.4 MB.
System memory in use after: 147.5 MB.

Unloading 40 unused Assets to reduce memory usage. Loaded Objects now: 2125.
Total: 5.288503 ms (FindLiveObjects: 0.216622 ms CreateObjectMapping: 0.064047 ms MarkObjects: 4.983516 ms  DeleteObjects: 0.023350 ms)

========================================================================
Received Prepare
Registering precompiled user dll's ...
Registered in 0.002022 seconds.
Begin MonoManager ReloadAssembly
Native extension for OSXStandalone target not found
Refreshing native plugins compatible for Editor in 0.58 ms, found 1 plugins.
Preloading 0 native plugins for Editor in 0.00 ms.
Mono: successfully reloaded assembly
- Completed reload, in  1.090 seconds
Platform modules already initialized, skipping
Refreshing native plugins compatible for Editor in 0.53 ms, found 1 plugins.
Preloading 0 native plugins for Editor in 0.00 ms.
Unloading 1659 Unused Serialized files (Serialized files now loaded: 0)
System memory in use before: 147.6 MB.
System memory in use after: 147.7 MB.

Unloading 40 unused Assets to reduce memory usage. Loaded Objects now: 2128.
Total: 5.330546 ms (FindLiveObjects: 0.190994 ms CreateObjectMapping: 0.051953 ms MarkObjects: 5.061666 ms  DeleteObjects: 0.024898 ms)

========================================================================
Received Prepare
Registering precompiled user dll's ...
Registered in 0.001509 seconds.
Begin MonoManager ReloadAssembly
Native extension for OSXStandalone target not found
Refreshing native plugins compatible for Editor in 0.62 ms, found 1 plugins.
Preloading 0 native plugins for Editor in 0.00 ms.
Mono: successfully reloaded assembly
- Completed reload, in  1.082 seconds
Platform modules already initialized, skipping
Refreshing native plugins compatible for Editor in 0.55 ms, found 1 plugins.
Preloading 0 native plugins for Editor in 0.00 ms.
Unloading 1659 Unused Serialized files (Serialized files now loaded: 0)
System memory in use before: 147.8 MB.
System memory in use after: 147.9 MB.

Unloading 40 unused Assets to reduce memory usage. Loaded Objects now: 2131.
Total: 5.521979 ms (FindLiveObjects: 0.180562 ms CreateObjectMapping: 0.052840 ms MarkObjects: 5.263555 ms  DeleteObjects: 0.023802 ms)

