Using pre-set license

 COMMAND LINE ARGUMENTS:
/Users/shimizuyuusaku/Unity/2020.3.8f1/Unity.app/Contents/MacOS/Unity
-adb2
-batchMode
-noUpm
-name
AssetImportWorker1
-projectPath
/Users/shimizuyuusaku/Unity/2d-shooting
-logFile
Logs/AssetImportWorker1.log
-srvPort
49391
Successfully changed project path to: /Users/shimizuyuusaku/Unity/2d-shooting
/Users/shimizuyuusaku/Unity/2d-shooting
Using Asset Import Pipeline V2.
Refreshing native plugins compatible for Editor in 54.11 ms, found 1 plugins.
Preloading 0 native plugins for Editor in 0.00 ms.
Initialize engine version: 2020.3.8f1 (507919d4fff5)
[Subsystems] Discovering subsystems at path /Users/shimizuyuusaku/Unity/2020.3.8f1/Unity.app/Contents/Resources/UnitySubsystems
[Subsystems] Discovering subsystems at path /Users/shimizuyuusaku/Unity/2d-shooting/Assets
GfxDevice: creating device client; threaded=0
2021-05-20 11:43:10.729 Unity[20408:713098] Color LCD preferred device: Intel(R) Iris(TM) Plus Graphics 645 (low power)
2021-05-20 11:43:10.730 Unity[20408:713098] Metal devices available: 1
2021-05-20 11:43:10.730 Unity[20408:713098] 0: Intel(R) Iris(TM) Plus Graphics 645 (low power)
2021-05-20 11:43:10.730 Unity[20408:713098] Using device Intel(R) Iris(TM) Plus Graphics 645 (low power)
Initializing Metal device caps: Intel(R) Iris(TM) Plus Graphics 645
Initialize mono
Mono path[0] = '/Users/shimizuyuusaku/Unity/2020.3.8f1/Unity.app/Contents/Managed'
Mono path[1] = '/Users/shimizuyuusaku/Unity/2020.3.8f1/Unity.app/Contents/MonoBleedingEdge/lib/mono/unityjit'
Mono config path = '/Users/shimizuyuusaku/Unity/2020.3.8f1/Unity.app/Contents/MonoBleedingEdge/etc'
Using monoOptions --debugger-agent=transport=dt_socket,embedding=1,server=y,suspend=n,address=127.0.0.1:56408
Begin MonoManager ReloadAssembly
Registering precompiled unity dll's ...
Register platform support module: /Users/shimizuyuusaku/Unity/2020.3.8f1/Unity.app/Contents/PlaybackEngines/MacStandaloneSupport/UnityEditor.OSXStandalone.Extensions.dll
Registered in 0.000824 seconds.
Native extension for OSXStandalone target not found
Refreshing native plugins compatible for Editor in 48.95 ms, found 1 plugins.
Preloading 0 native plugins for Editor in 0.00 ms.
Mono: successfully reloaded assembly
- Completed reload, in  8.266 seconds
Platform modules already initialized, skipping
Registering precompiled user dll's ...
Registered in 0.001729 seconds.
Begin MonoManager ReloadAssembly
Native extension for OSXStandalone target not found
Refreshing native plugins compatible for Editor in 0.65 ms, found 1 plugins.
Preloading 0 native plugins for Editor in 0.00 ms.
Mono: successfully reloaded assembly
- Completed reload, in  1.198 seconds
Platform modules already initialized, skipping
========================================================================
Worker process is ready to serve import requests
Launching external process: /Users/shimizuyuusaku/Unity/2020.3.8f1/Unity.app/Contents/Tools/UnityShaderCompiler
Launched and connected shader compiler UnityShaderCompiler after 0.02 seconds
Refreshing native plugins compatible for Editor in 0.90 ms, found 1 plugins.
Preloading 0 native plugins for Editor in 0.00 ms.
Unloading 1665 Unused Serialized files (Serialized files now loaded: 0)
System memory in use before: 130.9 MB.
System memory in use after: 131.0 MB.

Unloading 49 unused Assets to reduce memory usage. Loaded Objects now: 2079.
Total: 6.475025 ms (FindLiveObjects: 0.287201 ms CreateObjectMapping: 0.077697 ms MarkObjects: 6.027798 ms  DeleteObjects: 0.081005 ms)

========================================================================
Received Import Request.
  path: Assets/Scripts/EnemyBullet.cs
  artifactKey: Guid(1d1cb8596859b4d01ade7d36ba4e68a0) Importer(815301076,1909f56bfc062723c751e8b465ee728b)
Start importing Assets/Scripts/EnemyBullet.cs using Guid(1d1cb8596859b4d01ade7d36ba4e68a0) Importer(815301076,1909f56bfc062723c751e8b465ee728b)  -> (artifact id: '61b97f1fea1b7ff07e4621551f9b23c6') in 0.415743 seconds
  Import took 0.419406 seconds .

========================================================================
Received Prepare
Registering precompiled user dll's ...
Registered in 0.002427 seconds.
Begin MonoManager ReloadAssembly
Native extension for OSXStandalone target not found
Refreshing native plugins compatible for Editor in 0.63 ms, found 1 plugins.
Preloading 0 native plugins for Editor in 0.00 ms.
Mono: successfully reloaded assembly
- Completed reload, in  1.087 seconds
Platform modules already initialized, skipping
Refreshing native plugins compatible for Editor in 0.81 ms, found 1 plugins.
Preloading 0 native plugins for Editor in 0.00 ms.
Unloading 1659 Unused Serialized files (Serialized files now loaded: 0)
System memory in use before: 135.3 MB.
System memory in use after: 135.4 MB.

Unloading 40 unused Assets to reduce memory usage. Loaded Objects now: 2082.
Total: 6.986600 ms (FindLiveObjects: 0.277092 ms CreateObjectMapping: 0.087405 ms MarkObjects: 6.597790 ms  DeleteObjects: 0.023217 ms)

========================================================================
Received Import Request.
  Time since last request: 10.585155 seconds.
  path: Assets/Scripts/EnemyBullet.cs
  artifactKey: Guid(1d1cb8596859b4d01ade7d36ba4e68a0) Importer(815301076,1909f56bfc062723c751e8b465ee728b)
Start importing Assets/Scripts/EnemyBullet.cs using Guid(1d1cb8596859b4d01ade7d36ba4e68a0) Importer(815301076,1909f56bfc062723c751e8b465ee728b)  -> (artifact id: '72deae9dcc63d094ac42cd55cc6c300c') in 0.007569 seconds
  Import took 0.010482 seconds .

========================================================================
Received Import Request.
  Time since last request: 1.713925 seconds.
  path: Assets/Scripts/EnemyBullet.cs
  artifactKey: Guid(1d1cb8596859b4d01ade7d36ba4e68a0) Importer(815301076,1909f56bfc062723c751e8b465ee728b)
Start importing Assets/Scripts/EnemyBullet.cs using Guid(1d1cb8596859b4d01ade7d36ba4e68a0) Importer(815301076,1909f56bfc062723c751e8b465ee728b)  -> (artifact id: '72deae9dcc63d094ac42cd55cc6c300c') in 0.004205 seconds
  Import took 0.006735 seconds .

========================================================================
Received Prepare
Registering precompiled user dll's ...
Registered in 0.001968 seconds.
Begin MonoManager ReloadAssembly
Native extension for OSXStandalone target not found
Refreshing native plugins compatible for Editor in 0.59 ms, found 1 plugins.
Preloading 0 native plugins for Editor in 0.00 ms.
Mono: successfully reloaded assembly
- Completed reload, in  1.077 seconds
Platform modules already initialized, skipping
Refreshing native plugins compatible for Editor in 0.60 ms, found 1 plugins.
Preloading 0 native plugins for Editor in 0.00 ms.
Unloading 1659 Unused Serialized files (Serialized files now loaded: 0)
System memory in use before: 135.6 MB.
System memory in use after: 135.7 MB.

Unloading 40 unused Assets to reduce memory usage. Loaded Objects now: 2085.
Total: 5.274109 ms (FindLiveObjects: 0.318244 ms CreateObjectMapping: 0.112704 ms MarkObjects: 4.816481 ms  DeleteObjects: 0.025517 ms)

========================================================================
Received Import Request.
  Time since last request: 71.410058 seconds.
  path: Assets/Prefabs/EnemyBullet.prefab
  artifactKey: Guid(0079c48a6cbaa4123814d76fb55dab59) Importer(815301076,1909f56bfc062723c751e8b465ee728b)
Start importing Assets/Prefabs/EnemyBullet.prefab using Guid(0079c48a6cbaa4123814d76fb55dab59) Importer(815301076,1909f56bfc062723c751e8b465ee728b)  -> (artifact id: '1872b151f0b0434091410105916abb85') in 1.083901 seconds
  Import took 1.087660 seconds .

========================================================================
Received Import Request.
  Time since last request: 241.936172 seconds.
  path: Assets/Prefabs/EnemyShip.prefab
  artifactKey: Guid(0814b63b3912d4c5d8538d97c5c59289) Importer(815301076,1909f56bfc062723c751e8b465ee728b)
Start importing Assets/Prefabs/EnemyShip.prefab using Guid(0814b63b3912d4c5d8538d97c5c59289) Importer(815301076,1909f56bfc062723c751e8b465ee728b)  -> (artifact id: '26dd5263dbedccf4ec7cc56b61a28e87') in 0.039502 seconds
  Import took 0.043276 seconds .

========================================================================
Received Import Request.
  Time since last request: 16.767746 seconds.
  path: Assets/Prefabs/EnemyShip.prefab
  artifactKey: Guid(0814b63b3912d4c5d8538d97c5c59289) Importer(815301076,1909f56bfc062723c751e8b465ee728b)
Start importing Assets/Prefabs/EnemyShip.prefab using Guid(0814b63b3912d4c5d8538d97c5c59289) Importer(815301076,1909f56bfc062723c751e8b465ee728b)  -> (artifact id: 'b2b26f54ee227e329fd44cec7e122456') in 0.025795 seconds
  Import took 0.029448 seconds .

========================================================================
Received Prepare
Registering precompiled user dll's ...
Registered in 0.001884 seconds.
Begin MonoManager ReloadAssembly
Native extension for OSXStandalone target not found
Refreshing native plugins compatible for Editor in 0.58 ms, found 1 plugins.
Preloading 0 native plugins for Editor in 0.00 ms.
Mono: successfully reloaded assembly
- Completed reload, in  1.095 seconds
Platform modules already initialized, skipping
Refreshing native plugins compatible for Editor in 0.54 ms, found 1 plugins.
Preloading 0 native plugins for Editor in 0.00 ms.
Unloading 1659 Unused Serialized files (Serialized files now loaded: 0)
System memory in use before: 144.6 MB.
System memory in use after: 144.7 MB.

Unloading 40 unused Assets to reduce memory usage. Loaded Objects now: 2095.
Total: 6.378187 ms (FindLiveObjects: 0.177431 ms CreateObjectMapping: 0.060222 ms MarkObjects: 6.109124 ms  DeleteObjects: 0.030019 ms)

========================================================================
Received Import Request.
  Time since last request: 118.474645 seconds.
  path: Assets/Prefabs/EnemyShip.prefab
  artifactKey: Guid(0814b63b3912d4c5d8538d97c5c59289) Importer(815301076,1909f56bfc062723c751e8b465ee728b)
Start importing Assets/Prefabs/EnemyShip.prefab using Guid(0814b63b3912d4c5d8538d97c5c59289) Importer(815301076,1909f56bfc062723c751e8b465ee728b)  -> (artifact id: 'fed9ed94064fb93efc2bea8e091256c8') in 0.081714 seconds
  Import took 0.086450 seconds .

========================================================================
Received Import Request.
  Time since last request: 17.770860 seconds.
  path: Assets/Prefabs/EnemyShip.prefab
  artifactKey: Guid(0814b63b3912d4c5d8538d97c5c59289) Importer(815301076,1909f56bfc062723c751e8b465ee728b)
Start importing Assets/Prefabs/EnemyShip.prefab using Guid(0814b63b3912d4c5d8538d97c5c59289) Importer(815301076,1909f56bfc062723c751e8b465ee728b)  -> (artifact id: 'fbedd380ccd9620c658b18c0e1443456') in 0.020043 seconds
  Import took 0.024145 seconds .

========================================================================
Received Import Request.
  Time since last request: 16.955101 seconds.
  path: Assets/Prefabs/EnemyShip.prefab
  artifactKey: Guid(0814b63b3912d4c5d8538d97c5c59289) Importer(815301076,1909f56bfc062723c751e8b465ee728b)
Start importing Assets/Prefabs/EnemyShip.prefab using Guid(0814b63b3912d4c5d8538d97c5c59289) Importer(815301076,1909f56bfc062723c751e8b465ee728b)  -> (artifact id: '6890eff2d46d8ffadc40bb3263c5e387') in 0.032633 seconds
  Import took 0.036562 seconds .

========================================================================
Received Import Request.
  Time since last request: 58.032751 seconds.
  path: Assets/Prefabs/EnemyShip.prefab
  artifactKey: Guid(0814b63b3912d4c5d8538d97c5c59289) Importer(815301076,1909f56bfc062723c751e8b465ee728b)
Start importing Assets/Prefabs/EnemyShip.prefab using Guid(0814b63b3912d4c5d8538d97c5c59289) Importer(815301076,1909f56bfc062723c751e8b465ee728b)  -> (artifact id: 'f5824ba846844fdf9f8b4ad69321aa5b') in 0.050490 seconds
  Import took 0.055650 seconds .

========================================================================
Received Import Request.
  Time since last request: 74.447455 seconds.
  path: Assets/Prefabs/EnemyShip.prefab
  artifactKey: Guid(0814b63b3912d4c5d8538d97c5c59289) Importer(815301076,1909f56bfc062723c751e8b465ee728b)
Start importing Assets/Prefabs/EnemyShip.prefab using Guid(0814b63b3912d4c5d8538d97c5c59289) Importer(815301076,1909f56bfc062723c751e8b465ee728b)  -> (artifact id: '39430ec61afe5d4690939e868509c73d') in 0.037553 seconds
  Import took 0.042826 seconds .

========================================================================
Received Prepare
Registering precompiled user dll's ...
Registered in 0.001857 seconds.
Begin MonoManager ReloadAssembly
Native extension for OSXStandalone target not found
Refreshing native plugins compatible for Editor in 0.68 ms, found 1 plugins.
Preloading 0 native plugins for Editor in 0.00 ms.
Mono: successfully reloaded assembly
- Completed reload, in  1.078 seconds
Platform modules already initialized, skipping
Refreshing native plugins compatible for Editor in 0.57 ms, found 1 plugins.
Preloading 0 native plugins for Editor in 0.00 ms.
Unloading 1659 Unused Serialized files (Serialized files now loaded: 0)
System memory in use before: 144.9 MB.
System memory in use after: 145.1 MB.

Unloading 40 unused Assets to reduce memory usage. Loaded Objects now: 2099.
Total: 5.055500 ms (FindLiveObjects: 0.199277 ms CreateObjectMapping: 0.064168 ms MarkObjects: 4.761183 ms  DeleteObjects: 0.029671 ms)

========================================================================
Received Prepare
Registering precompiled user dll's ...
Registered in 0.004541 seconds.
Begin MonoManager ReloadAssembly
Native extension for OSXStandalone target not found
Refreshing native plugins compatible for Editor in 0.54 ms, found 1 plugins.
Preloading 0 native plugins for Editor in 0.00 ms.
Mono: successfully reloaded assembly
- Completed reload, in  1.149 seconds
Platform modules already initialized, skipping
Refreshing native plugins compatible for Editor in 0.54 ms, found 1 plugins.
Preloading 0 native plugins for Editor in 0.00 ms.
Unloading 1659 Unused Serialized files (Serialized files now loaded: 0)
System memory in use before: 145.1 MB.
System memory in use after: 145.3 MB.

Unloading 40 unused Assets to reduce memory usage. Loaded Objects now: 2102.
Total: 6.190158 ms (FindLiveObjects: 0.196322 ms CreateObjectMapping: 0.065050 ms MarkObjects: 5.896731 ms  DeleteObjects: 0.030407 ms)

========================================================================
Received Prepare
Registering precompiled user dll's ...
Registered in 0.002082 seconds.
Begin MonoManager ReloadAssembly
Native extension for OSXStandalone target not found
Refreshing native plugins compatible for Editor in 0.59 ms, found 1 plugins.
Preloading 0 native plugins for Editor in 0.00 ms.
Mono: successfully reloaded assembly
- Completed reload, in  1.108 seconds
Platform modules already initialized, skipping
Refreshing native plugins compatible for Editor in 0.54 ms, found 1 plugins.
Preloading 0 native plugins for Editor in 0.00 ms.
Unloading 1659 Unused Serialized files (Serialized files now loaded: 0)
System memory in use before: 145.3 MB.
System memory in use after: 145.4 MB.

Unloading 40 unused Assets to reduce memory usage. Loaded Objects now: 2105.
Total: 5.311441 ms (FindLiveObjects: 0.173598 ms CreateObjectMapping: 0.053079 ms MarkObjects: 5.048194 ms  DeleteObjects: 0.035451 ms)

========================================================================
Received Prepare
Registering precompiled user dll's ...
Registered in 0.004704 seconds.
Begin MonoManager ReloadAssembly
Native extension for OSXStandalone target not found
Refreshing native plugins compatible for Editor in 0.63 ms, found 1 plugins.
Preloading 0 native plugins for Editor in 0.00 ms.
Mono: successfully reloaded assembly
- Completed reload, in  1.115 seconds
Platform modules already initialized, skipping
Refreshing native plugins compatible for Editor in 0.52 ms, found 1 plugins.
Preloading 0 native plugins for Editor in 0.00 ms.
Unloading 1659 Unused Serialized files (Serialized files now loaded: 0)
System memory in use before: 145.5 MB.
System memory in use after: 145.6 MB.

Unloading 40 unused Assets to reduce memory usage. Loaded Objects now: 2108.
Total: 6.280743 ms (FindLiveObjects: 0.173854 ms CreateObjectMapping: 0.057844 ms MarkObjects: 6.013566 ms  DeleteObjects: 0.034249 ms)

========================================================================
Received Import Request.
  Time since last request: 1132.134487 seconds.
  path: Assets/Prefabs/EnemyBullet.prefab
  artifactKey: Guid(0079c48a6cbaa4123814d76fb55dab59) Importer(815301076,1909f56bfc062723c751e8b465ee728b)
Start importing Assets/Prefabs/EnemyBullet.prefab using Guid(0079c48a6cbaa4123814d76fb55dab59) Importer(815301076,1909f56bfc062723c751e8b465ee728b)  -> (artifact id: '9e39db149be3680ef999d5c8308b20d7') in 0.117656 seconds
  Import took 0.128192 seconds .

========================================================================
Received Import Request.
  Time since last request: 7.302284 seconds.
  path: Assets/Prefabs/EnemyBullet.prefab
  artifactKey: Guid(0079c48a6cbaa4123814d76fb55dab59) Importer(815301076,1909f56bfc062723c751e8b465ee728b)
Start importing Assets/Prefabs/EnemyBullet.prefab using Guid(0079c48a6cbaa4123814d76fb55dab59) Importer(815301076,1909f56bfc062723c751e8b465ee728b)  -> (artifact id: '8d6c7252136e692fe37a84b2bacbab5b') in 0.020047 seconds
  Import took 0.024029 seconds .

========================================================================
Received Import Request.
  Time since last request: 7.269489 seconds.
  path: Assets/Prefabs/EnemyBullet.prefab
  artifactKey: Guid(0079c48a6cbaa4123814d76fb55dab59) Importer(815301076,1909f56bfc062723c751e8b465ee728b)
Start importing Assets/Prefabs/EnemyBullet.prefab using Guid(0079c48a6cbaa4123814d76fb55dab59) Importer(815301076,1909f56bfc062723c751e8b465ee728b)  -> (artifact id: 'f390fe72810bbb2371cf2ebfccb399ce') in 0.025724 seconds
  Import took 0.029532 seconds .

========================================================================
Received Prepare
Registering precompiled user dll's ...
Registered in 0.001991 seconds.
Begin MonoManager ReloadAssembly
Native extension for OSXStandalone target not found
Refreshing native plugins compatible for Editor in 0.62 ms, found 1 plugins.
Preloading 0 native plugins for Editor in 0.00 ms.
Mono: successfully reloaded assembly
- Completed reload, in  1.112 seconds
Platform modules already initialized, skipping
Refreshing native plugins compatible for Editor in 0.56 ms, found 1 plugins.
Preloading 0 native plugins for Editor in 0.00 ms.
Unloading 1659 Unused Serialized files (Serialized files now loaded: 0)
System memory in use before: 146.6 MB.
System memory in use after: 146.7 MB.

Unloading 40 unused Assets to reduce memory usage. Loaded Objects now: 2112.
Total: 4.897087 ms (FindLiveObjects: 0.204625 ms CreateObjectMapping: 0.063670 ms MarkObjects: 4.594136 ms  DeleteObjects: 0.033756 ms)

========================================================================
Received Prepare
Registering precompiled user dll's ...
Registered in 0.005294 seconds.
Begin MonoManager ReloadAssembly
Native extension for OSXStandalone target not found
Refreshing native plugins compatible for Editor in 0.58 ms, found 1 plugins.
Preloading 0 native plugins for Editor in 0.00 ms.
Mono: successfully reloaded assembly
- Completed reload, in  1.196 seconds
Platform modules already initialized, skipping
Refreshing native plugins compatible for Editor in 0.56 ms, found 1 plugins.
Preloading 0 native plugins for Editor in 0.00 ms.
Unloading 1659 Unused Serialized files (Serialized files now loaded: 0)
System memory in use before: 146.8 MB.
System memory in use after: 146.9 MB.

Unloading 40 unused Assets to reduce memory usage. Loaded Objects now: 2115.
Total: 5.302154 ms (FindLiveObjects: 0.177115 ms CreateObjectMapping: 0.052620 ms MarkObjects: 5.044309 ms  DeleteObjects: 0.026796 ms)

========================================================================
Received Import Request.
  Time since last request: 707.955634 seconds.
  path: Assets/Prefabs/EnemyBullet.prefab
  artifactKey: Guid(0079c48a6cbaa4123814d76fb55dab59) Importer(815301076,1909f56bfc062723c751e8b465ee728b)
Start importing Assets/Prefabs/EnemyBullet.prefab using Guid(0079c48a6cbaa4123814d76fb55dab59) Importer(815301076,1909f56bfc062723c751e8b465ee728b)  -> (artifact id: 'd4307655e50adaea803dba5ecd10206d') in 0.087402 seconds
  Import took 0.090970 seconds .

========================================================================
Received Prepare
Registering precompiled user dll's ...
Registered in 0.002055 seconds.
Begin MonoManager ReloadAssembly
Native extension for OSXStandalone target not found
Refreshing native plugins compatible for Editor in 0.64 ms, found 1 plugins.
Preloading 0 native plugins for Editor in 0.00 ms.
Mono: successfully reloaded assembly
- Completed reload, in  1.110 seconds
Platform modules already initialized, skipping
Refreshing native plugins compatible for Editor in 0.50 ms, found 1 plugins.
Preloading 0 native plugins for Editor in 0.00 ms.
Unloading 1659 Unused Serialized files (Serialized files now loaded: 0)
System memory in use before: 147.0 MB.
System memory in use after: 147.1 MB.

Unloading 40 unused Assets to reduce memory usage. Loaded Objects now: 2119.
Total: 5.113892 ms (FindLiveObjects: 0.260257 ms CreateObjectMapping: 0.071010 ms MarkObjects: 4.758279 ms  DeleteObjects: 0.023171 ms)

========================================================================
Received Prepare
Registering precompiled user dll's ...
Registered in 0.001854 seconds.
Begin MonoManager ReloadAssembly
Native extension for OSXStandalone target not found
Refreshing native plugins compatible for Editor in 0.59 ms, found 1 plugins.
Preloading 0 native plugins for Editor in 0.00 ms.
Mono: successfully reloaded assembly
- Completed reload, in  1.063 seconds
Platform modules already initialized, skipping
Refreshing native plugins compatible for Editor in 0.52 ms, found 1 plugins.
Preloading 0 native plugins for Editor in 0.00 ms.
Unloading 1659 Unused Serialized files (Serialized files now loaded: 0)
System memory in use before: 147.2 MB.
System memory in use after: 147.3 MB.

Unloading 40 unused Assets to reduce memory usage. Loaded Objects now: 2122.
Total: 5.029901 ms (FindLiveObjects: 0.165945 ms CreateObjectMapping: 0.055416 ms MarkObjects: 4.784447 ms  DeleteObjects: 0.023023 ms)

========================================================================
Received Prepare
Registering precompiled user dll's ...
Registered in 0.001875 seconds.
Begin MonoManager ReloadAssembly
Native extension for OSXStandalone target not found
Refreshing native plugins compatible for Editor in 0.62 ms, found 1 plugins.
Preloading 0 native plugins for Editor in 0.00 ms.
Mono: successfully reloaded assembly
- Completed reload, in  1.064 seconds
Platform modules already initialized, skipping
Refreshing native plugins compatible for Editor in 0.64 ms, found 1 plugins.
Preloading 0 native plugins for Editor in 0.00 ms.
Unloading 1659 Unused Serialized files (Serialized files now loaded: 0)
System memory in use before: 147.4 MB.
System memory in use after: 147.5 MB.

Unloading 40 unused Assets to reduce memory usage. Loaded Objects now: 2125.
Total: 5.288503 ms (FindLiveObjects: 0.216622 ms CreateObjectMapping: 0.064047 ms MarkObjects: 4.983516 ms  DeleteObjects: 0.023350 ms)

========================================================================
Received Prepare
Registering precompiled user dll's ...
Registered in 0.002022 seconds.
Begin MonoManager ReloadAssembly
Native extension for OSXStandalone target not found
Refreshing native plugins compatible for Editor in 0.58 ms, found 1 plugins.
Preloading 0 native plugins for Editor in 0.00 ms.
Mono: successfully reloaded assembly
- Completed reload, in  1.090 seconds
Platform modules already initialized, skipping
Refreshing native plugins compatible for Editor in 0.53 ms, found 1 plugins.
Preloading 0 native plugins for Editor in 0.00 ms.
Unloading 1659 Unused Serialized files (Serialized files now loaded: 0)
System memory in use before: 147.6 MB.
System memory in use after: 147.7 MB.

Unloading 40 unused Assets to reduce memory usage. Loaded Objects now: 2128.
Total: 5.330546 ms (FindLiveObjects: 0.190994 ms CreateObjectMapping: 0.051953 ms MarkObjects: 5.061666 ms  DeleteObjects: 0.024898 ms)

========================================================================
Received Prepare
Registering precompiled user dll's ...
Registered in 0.001509 seconds.
Begin MonoManager ReloadAssembly
Native extension for OSXStandalone target not found
Refreshing native plugins compatible for Editor in 0.62 ms, found 1 plugins.
Preloading 0 native plugins for Editor in 0.00 ms.
Mono: successfully reloaded assembly
- Completed reload, in  1.082 seconds
Platform modules already initialized, skipping
Refreshing native plugins compatible for Editor in 0.55 ms, found 1 plugins.
Preloading 0 native plugins for Editor in 0.00 ms.
Unloading 1659 Unused Serialized files (Serialized files now loaded: 0)
System memory in use before: 147.8 MB.
System memory in use after: 147.9 MB.

Unloading 40 unused Assets to reduce memory usage. Loaded Objects now: 2131.
Total: 5.521979 ms (FindLiveObjects: 0.180562 ms CreateObjectMapping: 0.052840 ms MarkObjects: 5.263555 ms  DeleteObjects: 0.023802 ms)

========================================================================
Received Import Request.
  Time since last request: 4214.550737 seconds.
  path: Assets/Prefabs/BossEnemyShip.prefab
  artifactKey: Guid(b4b8b672c1c4a4fdb9d60f0fe4595be5) Importer(815301076,1909f56bfc062723c751e8b465ee728b)
Start importing Assets/Prefabs/BossEnemyShip.prefab using Guid(b4b8b672c1c4a4fdb9d60f0fe4595be5) Importer(815301076,1909f56bfc062723c751e8b465ee728b)  -> (artifact id: 'f23d7803e2e0292ef8928ec10f5cae03') in 0.125213 seconds
  Import took 0.133088 seconds .

========================================================================
Received Import Request.
  Time since last request: 205.918478 seconds.
  path: Assets/Prefabs/BossEnemyBullet.prefab
  artifactKey: Guid(1b6fa20ce1c5e49ca845188ae8aedeff) Importer(815301076,1909f56bfc062723c751e8b465ee728b)
Start importing Assets/Prefabs/BossEnemyBullet.prefab using Guid(1b6fa20ce1c5e49ca845188ae8aedeff) Importer(815301076,1909f56bfc062723c751e8b465ee728b)  -> (artifact id: '125c4236ede4288692b5bc69dc3169e5') in 0.023790 seconds
  Import took 0.027722 seconds .

========================================================================
Received Import Request.
  Time since last request: 0.002779 seconds.
  path: Assets/Prefabs/BossEnemyBullet.prefab
  artifactKey: Guid(1b6fa20ce1c5e49ca845188ae8aedeff) Importer(815301076,1909f56bfc062723c751e8b465ee728b)
Start importing Assets/Prefabs/BossEnemyBullet.prefab using Guid(1b6fa20ce1c5e49ca845188ae8aedeff) Importer(815301076,1909f56bfc062723c751e8b465ee728b)  -> (artifact id: '125c4236ede4288692b5bc69dc3169e5') in 0.011300 seconds
  Import took 0.016441 seconds .

========================================================================
Received Import Request.
  Time since last request: 82.994711 seconds.
  path: Assets/Scripts/BossEnemyShip.cs
  artifactKey: Guid(0d044df6ef95b45b5bce645024515b9c) Importer(815301076,1909f56bfc062723c751e8b465ee728b)
Start importing Assets/Scripts/BossEnemyShip.cs using Guid(0d044df6ef95b45b5bce645024515b9c) Importer(815301076,1909f56bfc062723c751e8b465ee728b)  -> (artifact id: 'ebc0324c3fd0ff609d16343f29d3eb67') in 0.009917 seconds
  Import took 0.016386 seconds .

========================================================================
Received Import Request.
  Time since last request: 0.007011 seconds.
  path: Assets/Scripts/BossEnemyShip.cs
  artifactKey: Guid(0d044df6ef95b45b5bce645024515b9c) Importer(815301076,1909f56bfc062723c751e8b465ee728b)
Start importing Assets/Scripts/BossEnemyShip.cs using Guid(0d044df6ef95b45b5bce645024515b9c) Importer(815301076,1909f56bfc062723c751e8b465ee728b)  -> (artifact id: 'ebc0324c3fd0ff609d16343f29d3eb67') in 0.006325 seconds
  Import took 0.009569 seconds .

========================================================================
Received Prepare
Registering precompiled user dll's ...
Registered in 0.002034 seconds.
Begin MonoManager ReloadAssembly
Native extension for OSXStandalone target not found
Refreshing native plugins compatible for Editor in 0.57 ms, found 1 plugins.
Preloading 0 native plugins for Editor in 0.00 ms.
Mono: successfully reloaded assembly
- Completed reload, in  1.191 seconds
Platform modules already initialized, skipping
Refreshing native plugins compatible for Editor in 0.59 ms, found 1 plugins.
Preloading 0 native plugins for Editor in 0.00 ms.
Unloading 1660 Unused Serialized files (Serialized files now loaded: 0)
System memory in use before: 148.2 MB.
System memory in use after: 148.3 MB.

Unloading 40 unused Assets to reduce memory usage. Loaded Objects now: 2136.
Total: 5.266826 ms (FindLiveObjects: 0.226276 ms CreateObjectMapping: 0.060135 ms MarkObjects: 4.944646 ms  DeleteObjects: 0.034535 ms)

========================================================================
Received Import Request.
  Time since last request: 45.789686 seconds.
  path: Assets/Scripts/BossEnemyBullet.cs
  artifactKey: Guid(0c685754c6ea149a7bf02babf7b2cbda) Importer(815301076,1909f56bfc062723c751e8b465ee728b)
Start importing Assets/Scripts/BossEnemyBullet.cs using Guid(0c685754c6ea149a7bf02babf7b2cbda) Importer(815301076,1909f56bfc062723c751e8b465ee728b)  -> (artifact id: '942565f58274d8cac5b2d90c50ec54d3') in 0.010886 seconds
  Import took 0.018189 seconds .

========================================================================
Received Import Request.
  Time since last request: 0.004520 seconds.
  path: Assets/Scripts/BossEnemyBullet.cs
  artifactKey: Guid(0c685754c6ea149a7bf02babf7b2cbda) Importer(815301076,1909f56bfc062723c751e8b465ee728b)
Start importing Assets/Scripts/BossEnemyBullet.cs using Guid(0c685754c6ea149a7bf02babf7b2cbda) Importer(815301076,1909f56bfc062723c751e8b465ee728b)  -> (artifact id: '942565f58274d8cac5b2d90c50ec54d3') in 0.004820 seconds
  Import took 0.007754 seconds .

========================================================================
Received Prepare
Registering precompiled user dll's ...
Registered in 0.002207 seconds.
Begin MonoManager ReloadAssembly
Native extension for OSXStandalone target not found
Refreshing native plugins compatible for Editor in 0.59 ms, found 1 plugins.
Preloading 0 native plugins for Editor in 0.00 ms.
Mono: successfully reloaded assembly
- Completed reload, in  1.183 seconds
Platform modules already initialized, skipping
Refreshing native plugins compatible for Editor in 0.85 ms, found 1 plugins.
Preloading 0 native plugins for Editor in 0.00 ms.
Unloading 1661 Unused Serialized files (Serialized files now loaded: 0)
System memory in use before: 148.4 MB.
System memory in use after: 148.5 MB.

Unloading 40 unused Assets to reduce memory usage. Loaded Objects now: 2140.
Total: 5.373088 ms (FindLiveObjects: 0.255544 ms CreateObjectMapping: 0.075203 ms MarkObjects: 5.012914 ms  DeleteObjects: 0.028303 ms)

========================================================================
Received Import Request.
  Time since last request: 206.956538 seconds.
  path: Assets/Prefabs/BossEnemyShip.prefab
  artifactKey: Guid(b4b8b672c1c4a4fdb9d60f0fe4595be5) Importer(815301076,1909f56bfc062723c751e8b465ee728b)
Start importing Assets/Prefabs/BossEnemyShip.prefab using Guid(b4b8b672c1c4a4fdb9d60f0fe4595be5) Importer(815301076,1909f56bfc062723c751e8b465ee728b)  -> (artifact id: 'c9baf9823affc5aa0b2ef95885d63746') in 0.085983 seconds
  Import took 0.089122 seconds .

========================================================================
Received Import Request.
  Time since last request: 47.713561 seconds.
  path: Assets/Prefabs/BossEnemyShip.prefab
  artifactKey: Guid(b4b8b672c1c4a4fdb9d60f0fe4595be5) Importer(815301076,1909f56bfc062723c751e8b465ee728b)
Start importing Assets/Prefabs/BossEnemyShip.prefab using Guid(b4b8b672c1c4a4fdb9d60f0fe4595be5) Importer(815301076,1909f56bfc062723c751e8b465ee728b)  -> (artifact id: 'e747221eb89bcdb10f46c095c858f81c') in 0.010976 seconds
  Import took 0.014581 seconds .

========================================================================
Received Import Request.
  Time since last request: 7.109366 seconds.
  path: Assets/Prefabs/BossEnemyBullet.prefab
  artifactKey: Guid(1b6fa20ce1c5e49ca845188ae8aedeff) Importer(815301076,1909f56bfc062723c751e8b465ee728b)
Start importing Assets/Prefabs/BossEnemyBullet.prefab using Guid(1b6fa20ce1c5e49ca845188ae8aedeff) Importer(815301076,1909f56bfc062723c751e8b465ee728b)  -> (artifact id: '0c28f1288f584ac02fd621b708d7ba68') in 0.048689 seconds
  Import took 0.053539 seconds .

========================================================================
Received Import Request.
  Time since last request: 188.826464 seconds.
  path: Assets/Prefabs/BossEnemyBullet.prefab
  artifactKey: Guid(1b6fa20ce1c5e49ca845188ae8aedeff) Importer(815301076,1909f56bfc062723c751e8b465ee728b)
Start importing Assets/Prefabs/BossEnemyBullet.prefab using Guid(1b6fa20ce1c5e49ca845188ae8aedeff) Importer(815301076,1909f56bfc062723c751e8b465ee728b)  -> (artifact id: '68a5b0f0399c95f3a669f5f25ecdccaa') in 0.013025 seconds
  Import took 0.016410 seconds .

========================================================================
Received Import Request.
  Time since last request: 1.641140 seconds.
  path: Assets/Prefabs/BossEnemyBullet.prefab
  artifactKey: Guid(1b6fa20ce1c5e49ca845188ae8aedeff) Importer(815301076,1909f56bfc062723c751e8b465ee728b)
Start importing Assets/Prefabs/BossEnemyBullet.prefab using Guid(1b6fa20ce1c5e49ca845188ae8aedeff) Importer(815301076,1909f56bfc062723c751e8b465ee728b)  -> (artifact id: 'd1b330021dca1bdd94a18d95d9822313') in 0.027853 seconds
  Import took 0.033577 seconds .

========================================================================
Received Prepare
Registering precompiled user dll's ...
Registered in 0.003154 seconds.
Begin MonoManager ReloadAssembly
Native extension for OSXStandalone target not found
Refreshing native plugins compatible for Editor in 0.64 ms, found 1 plugins.
Preloading 0 native plugins for Editor in 0.00 ms.
Mono: successfully reloaded assembly
- Completed reload, in  1.181 seconds
Platform modules already initialized, skipping
Refreshing native plugins compatible for Editor in 0.62 ms, found 1 plugins.
Preloading 0 native plugins for Editor in 0.00 ms.
Unloading 1661 Unused Serialized files (Serialized files now loaded: 0)
System memory in use before: 148.7 MB.
System memory in use after: 148.9 MB.

Unloading 40 unused Assets to reduce memory usage. Loaded Objects now: 2144.
Total: 5.353850 ms (FindLiveObjects: 0.204556 ms CreateObjectMapping: 0.060118 ms MarkObjects: 5.059047 ms  DeleteObjects: 0.028838 ms)

========================================================================
Received Prepare
Registering precompiled user dll's ...
Registered in 0.002001 seconds.
Begin MonoManager ReloadAssembly
Native extension for OSXStandalone target not found
Refreshing native plugins compatible for Editor in 0.55 ms, found 1 plugins.
Preloading 0 native plugins for Editor in 0.00 ms.
Mono: successfully reloaded assembly
- Completed reload, in  1.092 seconds
Platform modules already initialized, skipping
Refreshing native plugins compatible for Editor in 0.57 ms, found 1 plugins.
Preloading 0 native plugins for Editor in 0.00 ms.
Unloading 1661 Unused Serialized files (Serialized files now loaded: 0)
System memory in use before: 148.9 MB.
System memory in use after: 149.0 MB.

Unloading 40 unused Assets to reduce memory usage. Loaded Objects now: 2147.
Total: 5.352503 ms (FindLiveObjects: 0.205611 ms CreateObjectMapping: 0.069241 ms MarkObjects: 5.034464 ms  DeleteObjects: 0.042049 ms)

========================================================================
Received Import Request.
  Time since last request: 502.961486 seconds.
  path: Assets/Prefabs/BossEnemyShip.prefab
  artifactKey: Guid(b4b8b672c1c4a4fdb9d60f0fe4595be5) Importer(815301076,1909f56bfc062723c751e8b465ee728b)
Start importing Assets/Prefabs/BossEnemyShip.prefab using Guid(b4b8b672c1c4a4fdb9d60f0fe4595be5) Importer(815301076,1909f56bfc062723c751e8b465ee728b)  -> (artifact id: '1458af29e6e27fe78ed98e3cf1e5dfd5') in 0.073684 seconds
  Import took 0.077858 seconds .

========================================================================
Received Import Request.
  Time since last request: 25.079893 seconds.
  path: Assets/Prefabs/BossEnemyShip.prefab
  artifactKey: Guid(b4b8b672c1c4a4fdb9d60f0fe4595be5) Importer(815301076,1909f56bfc062723c751e8b465ee728b)
Start importing Assets/Prefabs/BossEnemyShip.prefab using Guid(b4b8b672c1c4a4fdb9d60f0fe4595be5) Importer(815301076,1909f56bfc062723c751e8b465ee728b)  -> (artifact id: 'eeb6ada888da5383949dcbf77ba69c58') in 0.033344 seconds
  Import took 0.037669 seconds .

========================================================================
Received Prepare
Registering precompiled user dll's ...
Registered in 0.001898 seconds.
Begin MonoManager ReloadAssembly
Native extension for OSXStandalone target not found
Refreshing native plugins compatible for Editor in 0.60 ms, found 1 plugins.
Preloading 0 native plugins for Editor in 0.00 ms.
Mono: successfully reloaded assembly
- Completed reload, in  1.065 seconds
Platform modules already initialized, skipping
Refreshing native plugins compatible for Editor in 0.52 ms, found 1 plugins.
Preloading 0 native plugins for Editor in 0.00 ms.
Unloading 1661 Unused Serialized files (Serialized files now loaded: 0)
System memory in use before: 149.2 MB.
System memory in use after: 149.3 MB.

Unloading 40 unused Assets to reduce memory usage. Loaded Objects now: 2151.
Total: 4.991628 ms (FindLiveObjects: 0.184319 ms CreateObjectMapping: 0.052806 ms MarkObjects: 4.727044 ms  DeleteObjects: 0.026494 ms)

========================================================================
Received Prepare
Registering precompiled user dll's ...
Registered in 0.001932 seconds.
Begin MonoManager ReloadAssembly
Native extension for OSXStandalone target not found
Refreshing native plugins compatible for Editor in 0.61 ms, found 1 plugins.
Preloading 0 native plugins for Editor in 0.00 ms.
Mono: successfully reloaded assembly
- Completed reload, in  1.054 seconds
Platform modules already initialized, skipping
Refreshing native plugins compatible for Editor in 0.63 ms, found 1 plugins.
Preloading 0 native plugins for Editor in 0.00 ms.
Unloading 1661 Unused Serialized files (Serialized files now loaded: 0)
System memory in use before: 149.4 MB.
System memory in use after: 149.5 MB.

Unloading 40 unused Assets to reduce memory usage. Loaded Objects now: 2154.
Total: 5.483101 ms (FindLiveObjects: 0.411109 ms CreateObjectMapping: 0.191641 ms MarkObjects: 4.853208 ms  DeleteObjects: 0.025985 ms)

========================================================================
Received Import Request.
  Time since last request: 129.216300 seconds.
  path: Assets/Prefabs/BossEnemyShip.prefab
  artifactKey: Guid(b4b8b672c1c4a4fdb9d60f0fe4595be5) Importer(815301076,1909f56bfc062723c751e8b465ee728b)
Start importing Assets/Prefabs/BossEnemyShip.prefab using Guid(b4b8b672c1c4a4fdb9d60f0fe4595be5) Importer(815301076,1909f56bfc062723c751e8b465ee728b)  -> (artifact id: 'de5804889ee6efcdbdac5511d99166f6') in 0.093692 seconds
  Import took 0.096476 seconds .

========================================================================
Received Import Request.
  Time since last request: 10.585023 seconds.
  path: Assets/Prefabs/BossEnemyShip.prefab
  artifactKey: Guid(b4b8b672c1c4a4fdb9d60f0fe4595be5) Importer(815301076,1909f56bfc062723c751e8b465ee728b)
Start importing Assets/Prefabs/BossEnemyShip.prefab using Guid(b4b8b672c1c4a4fdb9d60f0fe4595be5) Importer(815301076,1909f56bfc062723c751e8b465ee728b)  -> (artifact id: '861e121809ce110a3a1ec00e8ab913cd') in 0.018001 seconds
  Import took 0.022050 seconds .

========================================================================
Received Prepare
Registering precompiled user dll's ...
Registered in 0.002222 seconds.
Begin MonoManager ReloadAssembly
Native extension for OSXStandalone target not found
Refreshing native plugins compatible for Editor in 0.57 ms, found 1 plugins.
Preloading 0 native plugins for Editor in 0.00 ms.
Mono: successfully reloaded assembly
- Completed reload, in  1.116 seconds
Platform modules already initialized, skipping
Refreshing native plugins compatible for Editor in 0.55 ms, found 1 plugins.
Preloading 0 native plugins for Editor in 0.00 ms.
Unloading 1661 Unused Serialized files (Serialized files now loaded: 0)
System memory in use before: 149.7 MB.
System memory in use after: 149.8 MB.

Unloading 40 unused Assets to reduce memory usage. Loaded Objects now: 2158.
Total: 9.630282 ms (FindLiveObjects: 0.613240 ms CreateObjectMapping: 0.272641 ms MarkObjects: 8.698644 ms  DeleteObjects: 0.041351 ms)

========================================================================
Received Prepare
Registering precompiled user dll's ...
Registered in 0.002177 seconds.
Begin MonoManager ReloadAssembly
Native extension for OSXStandalone target not found
Refreshing native plugins compatible for Editor in 0.58 ms, found 1 plugins.
Preloading 0 native plugins for Editor in 0.00 ms.
Mono: successfully reloaded assembly
- Completed reload, in  1.127 seconds
Platform modules already initialized, skipping
Refreshing native plugins compatible for Editor in 0.52 ms, found 1 plugins.
Preloading 0 native plugins for Editor in 0.00 ms.
Unloading 1661 Unused Serialized files (Serialized files now loaded: 0)
System memory in use before: 149.9 MB.
System memory in use after: 150.0 MB.

Unloading 40 unused Assets to reduce memory usage. Loaded Objects now: 2161.
Total: 5.781591 ms (FindLiveObjects: 0.315305 ms CreateObjectMapping: 0.117675 ms MarkObjects: 5.322871 ms  DeleteObjects: 0.024622 ms)

========================================================================
Received Prepare
Registering precompiled user dll's ...
Registered in 0.002651 seconds.
Begin MonoManager ReloadAssembly
Native extension for OSXStandalone target not found
Refreshing native plugins compatible for Editor in 0.59 ms, found 1 plugins.
Preloading 0 native plugins for Editor in 0.00 ms.
Mono: successfully reloaded assembly
- Completed reload, in  1.091 seconds
Platform modules already initialized, skipping
Refreshing native plugins compatible for Editor in 0.57 ms, found 1 plugins.
Preloading 0 native plugins for Editor in 0.00 ms.
Unloading 1661 Unused Serialized files (Serialized files now loaded: 0)
System memory in use before: 150.1 MB.
System memory in use after: 150.2 MB.

Unloading 40 unused Assets to reduce memory usage. Loaded Objects now: 2164.
Total: 4.819511 ms (FindLiveObjects: 0.169346 ms CreateObjectMapping: 0.050900 ms MarkObjects: 4.573246 ms  DeleteObjects: 0.025097 ms)

========================================================================
Received Prepare
Registering precompiled user dll's ...
Registered in 0.001848 seconds.
Begin MonoManager ReloadAssembly
Native extension for OSXStandalone target not found
Refreshing native plugins compatible for Editor in 0.62 ms, found 1 plugins.
Preloading 0 native plugins for Editor in 0.00 ms.
Mono: successfully reloaded assembly
- Completed reload, in  1.052 seconds
Platform modules already initialized, skipping
Refreshing native plugins compatible for Editor in 0.61 ms, found 1 plugins.
Preloading 0 native plugins for Editor in 0.00 ms.
Unloading 1661 Unused Serialized files (Serialized files now loaded: 0)
System memory in use before: 150.3 MB.
System memory in use after: 150.4 MB.

Unloading 40 unused Assets to reduce memory usage. Loaded Objects now: 2167.
Total: 5.054112 ms (FindLiveObjects: 0.174641 ms CreateObjectMapping: 0.057254 ms MarkObjects: 4.788036 ms  DeleteObjects: 0.032889 ms)

========================================================================
Received Prepare
Registering precompiled user dll's ...
Registered in 0.002116 seconds.
Begin MonoManager ReloadAssembly
Native extension for OSXStandalone target not found
Refreshing native plugins compatible for Editor in 0.57 ms, found 1 plugins.
Preloading 0 native plugins for Editor in 0.00 ms.
Mono: successfully reloaded assembly
- Completed reload, in  1.069 seconds
Platform modules already initialized, skipping
Refreshing native plugins compatible for Editor in 0.52 ms, found 1 plugins.
Preloading 0 native plugins for Editor in 0.00 ms.
Unloading 1661 Unused Serialized files (Serialized files now loaded: 0)
System memory in use before: 150.5 MB.
System memory in use after: 150.6 MB.

Unloading 40 unused Assets to reduce memory usage. Loaded Objects now: 2170.
Total: 4.915974 ms (FindLiveObjects: 0.171374 ms CreateObjectMapping: 0.057379 ms MarkObjects: 4.663121 ms  DeleteObjects: 0.023252 ms)

========================================================================
Received Prepare
Registering precompiled user dll's ...
Registered in 0.001857 seconds.
Begin MonoManager ReloadAssembly
Native extension for OSXStandalone target not found
Refreshing native plugins compatible for Editor in 0.58 ms, found 1 plugins.
Preloading 0 native plugins for Editor in 0.00 ms.
Mono: successfully reloaded assembly
- Completed reload, in  1.067 seconds
Platform modules already initialized, skipping
Refreshing native plugins compatible for Editor in 0.52 ms, found 1 plugins.
Preloading 0 native plugins for Editor in 0.00 ms.
Unloading 1661 Unused Serialized files (Serialized files now loaded: 0)
System memory in use before: 150.7 MB.
System memory in use after: 150.8 MB.

Unloading 40 unused Assets to reduce memory usage. Loaded Objects now: 2173.
Total: 5.164422 ms (FindLiveObjects: 0.182430 ms CreateObjectMapping: 0.078938 ms MarkObjects: 4.877573 ms  DeleteObjects: 0.024560 ms)

========================================================================
Received Prepare
Registering precompiled user dll's ...
Registered in 0.001875 seconds.
Begin MonoManager ReloadAssembly
Native extension for OSXStandalone target not found
Refreshing native plugins compatible for Editor in 0.58 ms, found 1 plugins.
Preloading 0 native plugins for Editor in 0.00 ms.
Mono: successfully reloaded assembly
- Completed reload, in  1.119 seconds
Platform modules already initialized, skipping
Refreshing native plugins compatible for Editor in 0.52 ms, found 1 plugins.
Preloading 0 native plugins for Editor in 0.00 ms.
Unloading 1661 Unused Serialized files (Serialized files now loaded: 0)
System memory in use before: 150.9 MB.
System memory in use after: 151.0 MB.

Unloading 40 unused Assets to reduce memory usage. Loaded Objects now: 2176.
Total: 5.117618 ms (FindLiveObjects: 0.186093 ms CreateObjectMapping: 0.056451 ms MarkObjects: 4.849144 ms  DeleteObjects: 0.024893 ms)

========================================================================
Received Prepare
Registering precompiled user dll's ...
Registered in 0.002131 seconds.
Begin MonoManager ReloadAssembly
Native extension for OSXStandalone target not found
Refreshing native plugins compatible for Editor in 0.58 ms, found 1 plugins.
Preloading 0 native plugins for Editor in 0.00 ms.
Mono: successfully reloaded assembly
- Completed reload, in  1.040 seconds
Platform modules already initialized, skipping
Refreshing native plugins compatible for Editor in 0.55 ms, found 1 plugins.
Preloading 0 native plugins for Editor in 0.00 ms.
Unloading 1661 Unused Serialized files (Serialized files now loaded: 0)
System memory in use before: 151.1 MB.
System memory in use after: 151.2 MB.

Unloading 40 unused Assets to reduce memory usage. Loaded Objects now: 2179.
Total: 8.136123 ms (FindLiveObjects: 0.367002 ms CreateObjectMapping: 0.121724 ms MarkObjects: 7.604255 ms  DeleteObjects: 0.041671 ms)

========================================================================
Received Prepare
Registering precompiled user dll's ...
Registered in 0.001981 seconds.
Begin MonoManager ReloadAssembly
Native extension for OSXStandalone target not found
Refreshing native plugins compatible for Editor in 0.64 ms, found 1 plugins.
Preloading 0 native plugins for Editor in 0.00 ms.
Mono: successfully reloaded assembly
- Completed reload, in  1.149 seconds
Platform modules already initialized, skipping
Refreshing native plugins compatible for Editor in 0.83 ms, found 1 plugins.
Preloading 0 native plugins for Editor in 0.00 ms.
Unloading 1661 Unused Serialized files (Serialized files now loaded: 0)
System memory in use before: 151.3 MB.
System memory in use after: 151.4 MB.

Unloading 40 unused Assets to reduce memory usage. Loaded Objects now: 2182.
Total: 5.092189 ms (FindLiveObjects: 0.269279 ms CreateObjectMapping: 0.061368 ms MarkObjects: 4.720409 ms  DeleteObjects: 0.040004 ms)

========================================================================
Received Prepare
Registering precompiled user dll's ...
Registered in 0.006212 seconds.
Begin MonoManager ReloadAssembly
Native extension for OSXStandalone target not found
Refreshing native plugins compatible for Editor in 0.62 ms, found 1 plugins.
Preloading 0 native plugins for Editor in 0.00 ms.
Mono: successfully reloaded assembly
- Completed reload, in  1.146 seconds
Platform modules already initialized, skipping
Refreshing native plugins compatible for Editor in 0.57 ms, found 1 plugins.
Preloading 0 native plugins for Editor in 0.00 ms.
Unloading 1661 Unused Serialized files (Serialized files now loaded: 0)
System memory in use before: 151.5 MB.
System memory in use after: 151.6 MB.

Unloading 40 unused Assets to reduce memory usage. Loaded Objects now: 2185.
Total: 5.450038 ms (FindLiveObjects: 0.196040 ms CreateObjectMapping: 0.054908 ms MarkObjects: 5.172567 ms  DeleteObjects: 0.025278 ms)

========================================================================
Received Prepare
Registering precompiled user dll's ...
Registered in 0.002038 seconds.
Begin MonoManager ReloadAssembly
Native extension for OSXStandalone target not found
Refreshing native plugins compatible for Editor in 0.58 ms, found 1 plugins.
Preloading 0 native plugins for Editor in 0.00 ms.
Mono: successfully reloaded assembly
- Completed reload, in  1.064 seconds
Platform modules already initialized, skipping
Refreshing native plugins compatible for Editor in 0.56 ms, found 1 plugins.
Preloading 0 native plugins for Editor in 0.00 ms.
Unloading 1661 Unused Serialized files (Serialized files now loaded: 0)
System memory in use before: 151.7 MB.
System memory in use after: 151.8 MB.

Unloading 40 unused Assets to reduce memory usage. Loaded Objects now: 2188.
Total: 4.918761 ms (FindLiveObjects: 0.180898 ms CreateObjectMapping: 0.051123 ms MarkObjects: 4.659132 ms  DeleteObjects: 0.026388 ms)

========================================================================
Received Prepare
Registering precompiled user dll's ...
Registered in 0.002370 seconds.
Begin MonoManager ReloadAssembly
Native extension for OSXStandalone target not found
Refreshing native plugins compatible for Editor in 0.65 ms, found 1 plugins.
Preloading 0 native plugins for Editor in 0.00 ms.
Mono: successfully reloaded assembly
- Completed reload, in  1.110 seconds
Platform modules already initialized, skipping
Refreshing native plugins compatible for Editor in 0.52 ms, found 1 plugins.
Preloading 0 native plugins for Editor in 0.00 ms.
Unloading 1661 Unused Serialized files (Serialized files now loaded: 0)
System memory in use before: 151.9 MB.
System memory in use after: 152.0 MB.

Unloading 40 unused Assets to reduce memory usage. Loaded Objects now: 2191.
Total: 5.306112 ms (FindLiveObjects: 0.190882 ms CreateObjectMapping: 0.059878 ms MarkObjects: 5.028220 ms  DeleteObjects: 0.025869 ms)

========================================================================
Received Prepare
Registering precompiled user dll's ...
Registered in 0.002538 seconds.
Begin MonoManager ReloadAssembly
Native extension for OSXStandalone target not found
Refreshing native plugins compatible for Editor in 0.59 ms, found 1 plugins.
Preloading 0 native plugins for Editor in 0.00 ms.
Mono: successfully reloaded assembly
- Completed reload, in  1.126 seconds
Platform modules already initialized, skipping
Refreshing native plugins compatible for Editor in 0.67 ms, found 1 plugins.
Preloading 0 native plugins for Editor in 0.00 ms.
Unloading 1661 Unused Serialized files (Serialized files now loaded: 0)
System memory in use before: 152.1 MB.
System memory in use after: 152.2 MB.

Unloading 40 unused Assets to reduce memory usage. Loaded Objects now: 2194.
Total: 5.122903 ms (FindLiveObjects: 0.185732 ms CreateObjectMapping: 0.056508 ms MarkObjects: 4.854437 ms  DeleteObjects: 0.025158 ms)

========================================================================
Received Prepare
Registering precompiled user dll's ...
Registered in 0.002136 seconds.
Begin MonoManager ReloadAssembly
Native extension for OSXStandalone target not found
Refreshing native plugins compatible for Editor in 0.60 ms, found 1 plugins.
Preloading 0 native plugins for Editor in 0.00 ms.
Mono: successfully reloaded assembly
- Completed reload, in  1.194 seconds
Platform modules already initialized, skipping
Refreshing native plugins compatible for Editor in 0.52 ms, found 1 plugins.
Preloading 0 native plugins for Editor in 0.00 ms.
Unloading 1661 Unused Serialized files (Serialized files now loaded: 0)
System memory in use before: 152.3 MB.
System memory in use after: 152.4 MB.

Unloading 40 unused Assets to reduce memory usage. Loaded Objects now: 2197.
Total: 4.989892 ms (FindLiveObjects: 0.243882 ms CreateObjectMapping: 0.057647 ms MarkObjects: 4.647378 ms  DeleteObjects: 0.039955 ms)

========================================================================
Received Prepare
Registering precompiled user dll's ...
Registered in 0.002175 seconds.
Begin MonoManager ReloadAssembly
Native extension for OSXStandalone target not found
Refreshing native plugins compatible for Editor in 0.57 ms, found 1 plugins.
Preloading 0 native plugins for Editor in 0.00 ms.
Mono: successfully reloaded assembly
- Completed reload, in  1.090 seconds
Platform modules already initialized, skipping
Refreshing native plugins compatible for Editor in 0.51 ms, found 1 plugins.
Preloading 0 native plugins for Editor in 0.00 ms.
Unloading 1661 Unused Serialized files (Serialized files now loaded: 0)
System memory in use before: 152.6 MB.
System memory in use after: 152.7 MB.

Unloading 40 unused Assets to reduce memory usage. Loaded Objects now: 2200.
Total: 7.852602 ms (FindLiveObjects: 0.282212 ms CreateObjectMapping: 0.085170 ms MarkObjects: 7.450467 ms  DeleteObjects: 0.033446 ms)

========================================================================
Received Prepare
Registering precompiled user dll's ...
Registered in 0.002357 seconds.
Begin MonoManager ReloadAssembly
Native extension for OSXStandalone target not found
Refreshing native plugins compatible for Editor in 0.55 ms, found 1 plugins.
Preloading 0 native plugins for Editor in 0.00 ms.
Mono: successfully reloaded assembly
- Completed reload, in  1.096 seconds
Platform modules already initialized, skipping
Refreshing native plugins compatible for Editor in 0.74 ms, found 1 plugins.
Preloading 0 native plugins for Editor in 0.00 ms.
Unloading 1661 Unused Serialized files (Serialized files now loaded: 0)
System memory in use before: 152.8 MB.
System memory in use after: 152.9 MB.

Unloading 40 unused Assets to reduce memory usage. Loaded Objects now: 2203.
Total: 5.314497 ms (FindLiveObjects: 0.200704 ms CreateObjectMapping: 0.062373 ms MarkObjects: 5.016512 ms  DeleteObjects: 0.033629 ms)

========================================================================
Received Prepare
Registering precompiled user dll's ...
Registered in 0.001911 seconds.
Begin MonoManager ReloadAssembly
Native extension for OSXStandalone target not found
Refreshing native plugins compatible for Editor in 0.67 ms, found 1 plugins.
Preloading 0 native plugins for Editor in 0.00 ms.
Mono: successfully reloaded assembly
- Completed reload, in  1.147 seconds
Platform modules already initialized, skipping
Refreshing native plugins compatible for Editor in 0.66 ms, found 1 plugins.
Preloading 0 native plugins for Editor in 0.00 ms.
Unloading 1661 Unused Serialized files (Serialized files now loaded: 0)
System memory in use before: 153.0 MB.
System memory in use after: 153.1 MB.

Unloading 40 unused Assets to reduce memory usage. Loaded Objects now: 2206.
Total: 5.034661 ms (FindLiveObjects: 0.173323 ms CreateObjectMapping: 0.052990 ms MarkObjects: 4.783958 ms  DeleteObjects: 0.023292 ms)

========================================================================
Received Prepare
Registering precompiled user dll's ...
Registered in 0.002962 seconds.
Begin MonoManager ReloadAssembly
Native extension for OSXStandalone target not found
Refreshing native plugins compatible for Editor in 0.60 ms, found 1 plugins.
Preloading 0 native plugins for Editor in 0.00 ms.
Mono: successfully reloaded assembly
- Completed reload, in  1.072 seconds
Platform modules already initialized, skipping
Refreshing native plugins compatible for Editor in 0.52 ms, found 1 plugins.
Preloading 0 native plugins for Editor in 0.00 ms.
Unloading 1661 Unused Serialized files (Serialized files now loaded: 0)
System memory in use before: 153.2 MB.
System memory in use after: 153.3 MB.

Unloading 40 unused Assets to reduce memory usage. Loaded Objects now: 2209.
Total: 5.082277 ms (FindLiveObjects: 0.174622 ms CreateObjectMapping: 0.058180 ms MarkObjects: 4.821940 ms  DeleteObjects: 0.026342 ms)

========================================================================
Received Prepare
Registering precompiled user dll's ...
Registered in 0.006778 seconds.
Begin MonoManager ReloadAssembly
Native extension for OSXStandalone target not found
Refreshing native plugins compatible for Editor in 0.60 ms, found 1 plugins.
Preloading 0 native plugins for Editor in 0.00 ms.
Mono: successfully reloaded assembly
- Completed reload, in  1.155 seconds
Platform modules already initialized, skipping
Refreshing native plugins compatible for Editor in 0.96 ms, found 1 plugins.
Preloading 0 native plugins for Editor in 0.00 ms.
Unloading 1661 Unused Serialized files (Serialized files now loaded: 0)
System memory in use before: 153.4 MB.
System memory in use after: 153.5 MB.

Unloading 40 unused Assets to reduce memory usage. Loaded Objects now: 2212.
Total: 6.138503 ms (FindLiveObjects: 0.213791 ms CreateObjectMapping: 0.056749 ms MarkObjects: 5.830265 ms  DeleteObjects: 0.036510 ms)

========================================================================
Received Prepare
Registering precompiled user dll's ...
Registered in 0.002167 seconds.
Begin MonoManager ReloadAssembly
Native extension for OSXStandalone target not found
Refreshing native plugins compatible for Editor in 0.57 ms, found 1 plugins.
Preloading 0 native plugins for Editor in 0.00 ms.
Mono: successfully reloaded assembly
- Completed reload, in  1.087 seconds
Platform modules already initialized, skipping
Refreshing native plugins compatible for Editor in 0.51 ms, found 1 plugins.
Preloading 0 native plugins for Editor in 0.00 ms.
Unloading 1661 Unused Serialized files (Serialized files now loaded: 0)
System memory in use before: 153.5 MB.
System memory in use after: 153.7 MB.

Unloading 40 unused Assets to reduce memory usage. Loaded Objects now: 2215.
Total: 5.011733 ms (FindLiveObjects: 0.182318 ms CreateObjectMapping: 0.052872 ms MarkObjects: 4.744441 ms  DeleteObjects: 0.030816 ms)

========================================================================
Received Prepare
Registering precompiled user dll's ...
Registered in 0.002170 seconds.
Begin MonoManager ReloadAssembly
Native extension for OSXStandalone target not found
Refreshing native plugins compatible for Editor in 0.58 ms, found 1 plugins.
Preloading 0 native plugins for Editor in 0.00 ms.
Mono: successfully reloaded assembly
- Completed reload, in  1.089 seconds
Platform modules already initialized, skipping
Refreshing native plugins compatible for Editor in 0.55 ms, found 1 plugins.
Preloading 0 native plugins for Editor in 0.00 ms.
Unloading 1661 Unused Serialized files (Serialized files now loaded: 0)
System memory in use before: 153.8 MB.
System memory in use after: 153.9 MB.

Unloading 40 unused Assets to reduce memory usage. Loaded Objects now: 2218.
Total: 5.485201 ms (FindLiveObjects: 0.179496 ms CreateObjectMapping: 0.057487 ms MarkObjects: 5.220284 ms  DeleteObjects: 0.026770 ms)

========================================================================
Received Prepare
Registering precompiled user dll's ...
Registered in 0.002212 seconds.
Begin MonoManager ReloadAssembly
Native extension for OSXStandalone target not found
Refreshing native plugins compatible for Editor in 0.59 ms, found 1 plugins.
Preloading 0 native plugins for Editor in 0.00 ms.
Mono: successfully reloaded assembly
- Completed reload, in  1.166 seconds
Platform modules already initialized, skipping
Refreshing native plugins compatible for Editor in 0.57 ms, found 1 plugins.
Preloading 0 native plugins for Editor in 0.00 ms.
Unloading 1661 Unused Serialized files (Serialized files now loaded: 0)
System memory in use before: 153.9 MB.
System memory in use after: 154.0 MB.

Unloading 40 unused Assets to reduce memory usage. Loaded Objects now: 2221.
Total: 5.526106 ms (FindLiveObjects: 0.298253 ms CreateObjectMapping: 0.111798 ms MarkObjects: 5.088386 ms  DeleteObjects: 0.026542 ms)

========================================================================
Received Prepare
Registering precompiled user dll's ...
Registered in 0.002433 seconds.
Begin MonoManager ReloadAssembly
Native extension for OSXStandalone target not found
Refreshing native plugins compatible for Editor in 0.58 ms, found 1 plugins.
Preloading 0 native plugins for Editor in 0.00 ms.
Mono: successfully reloaded assembly
- Completed reload, in  1.090 seconds
Platform modules already initialized, skipping
Refreshing native plugins compatible for Editor in 0.56 ms, found 1 plugins.
Preloading 0 native plugins for Editor in 0.00 ms.
Unloading 1661 Unused Serialized files (Serialized files now loaded: 0)
System memory in use before: 154.1 MB.
System memory in use after: 154.3 MB.

Unloading 40 unused Assets to reduce memory usage. Loaded Objects now: 2224.
Total: 5.710379 ms (FindLiveObjects: 0.197550 ms CreateObjectMapping: 0.057231 ms MarkObjects: 5.412443 ms  DeleteObjects: 0.041217 ms)

========================================================================
Received Prepare
Registering precompiled user dll's ...
Registered in 0.001737 seconds.
Begin MonoManager ReloadAssembly
Native extension for OSXStandalone target not found
Refreshing native plugins compatible for Editor in 0.60 ms, found 1 plugins.
Preloading 0 native plugins for Editor in 0.00 ms.
Mono: successfully reloaded assembly
- Completed reload, in  1.082 seconds
Platform modules already initialized, skipping
Refreshing native plugins compatible for Editor in 0.55 ms, found 1 plugins.
Preloading 0 native plugins for Editor in 0.00 ms.
Unloading 1661 Unused Serialized files (Serialized files now loaded: 0)
System memory in use before: 154.4 MB.
System memory in use after: 154.5 MB.

Unloading 40 unused Assets to reduce memory usage. Loaded Objects now: 2227.
Total: 5.102176 ms (FindLiveObjects: 0.206240 ms CreateObjectMapping: 0.060671 ms MarkObjects: 4.807534 ms  DeleteObjects: 0.026627 ms)

========================================================================
Received Prepare
Registering precompiled user dll's ...
Registered in 0.006389 seconds.
Begin MonoManager ReloadAssembly
Native extension for OSXStandalone target not found
Refreshing native plugins compatible for Editor in 0.59 ms, found 1 plugins.
Preloading 0 native plugins for Editor in 0.00 ms.
Mono: successfully reloaded assembly
- Completed reload, in  1.448 seconds
Platform modules already initialized, skipping
Refreshing native plugins compatible for Editor in 0.57 ms, found 1 plugins.
Preloading 0 native plugins for Editor in 0.00 ms.
Unloading 1661 Unused Serialized files (Serialized files now loaded: 0)
System memory in use before: 157.4 MB.
System memory in use after: 157.5 MB.

Unloading 40 unused Assets to reduce memory usage. Loaded Objects now: 2230.
Total: 6.210964 ms (FindLiveObjects: 0.339164 ms CreateObjectMapping: 0.065997 ms MarkObjects: 5.743357 ms  DeleteObjects: 0.061215 ms)

========================================================================
Received Prepare
Registering precompiled user dll's ...
Registered in 0.002042 seconds.
Begin MonoManager ReloadAssembly
Native extension for OSXStandalone target not found
Refreshing native plugins compatible for Editor in 0.55 ms, found 1 plugins.
Preloading 0 native plugins for Editor in 0.00 ms.
Mono: successfully reloaded assembly
- Completed reload, in  1.093 seconds
Platform modules already initialized, skipping
Refreshing native plugins compatible for Editor in 0.55 ms, found 1 plugins.
Preloading 0 native plugins for Editor in 0.00 ms.
Unloading 1661 Unused Serialized files (Serialized files now loaded: 0)
System memory in use before: 157.6 MB.
System memory in use after: 157.7 MB.

Unloading 40 unused Assets to reduce memory usage. Loaded Objects now: 2233.
Total: 5.294498 ms (FindLiveObjects: 0.216796 ms CreateObjectMapping: 0.068414 ms MarkObjects: 4.957641 ms  DeleteObjects: 0.050218 ms)

========================================================================
Received Prepare
Registering precompiled user dll's ...
Registered in 0.001883 seconds.
Begin MonoManager ReloadAssembly
Native extension for OSXStandalone target not found
Refreshing native plugins compatible for Editor in 0.60 ms, found 1 plugins.
Preloading 0 native plugins for Editor in 0.00 ms.
Mono: successfully reloaded assembly
- Completed reload, in  1.069 seconds
Platform modules already initialized, skipping
Refreshing native plugins compatible for Editor in 0.57 ms, found 1 plugins.
Preloading 0 native plugins for Editor in 0.00 ms.
Unloading 1661 Unused Serialized files (Serialized files now loaded: 0)
System memory in use before: 157.8 MB.
System memory in use after: 157.9 MB.

Unloading 40 unused Assets to reduce memory usage. Loaded Objects now: 2236.
Total: 5.662253 ms (FindLiveObjects: 0.227743 ms CreateObjectMapping: 0.062096 ms MarkObjects: 5.342467 ms  DeleteObjects: 0.028480 ms)

========================================================================
Received Prepare
Registering precompiled user dll's ...
Registered in 0.001829 seconds.
Begin MonoManager ReloadAssembly
Native extension for OSXStandalone target not found
Refreshing native plugins compatible for Editor in 0.77 ms, found 1 plugins.
Preloading 0 native plugins for Editor in 0.00 ms.
Mono: successfully reloaded assembly
- Completed reload, in  1.070 seconds
Platform modules already initialized, skipping
Refreshing native plugins compatible for Editor in 0.58 ms, found 1 plugins.
Preloading 0 native plugins for Editor in 0.00 ms.
Unloading 1661 Unused Serialized files (Serialized files now loaded: 0)
System memory in use before: 158.0 MB.
System memory in use after: 158.1 MB.

Unloading 40 unused Assets to reduce memory usage. Loaded Objects now: 2239.
Total: 5.412624 ms (FindLiveObjects: 0.250078 ms CreateObjectMapping: 0.109130 ms MarkObjects: 5.025678 ms  DeleteObjects: 0.026527 ms)

========================================================================
Received Prepare
Registering precompiled user dll's ...
Registered in 0.002173 seconds.
Begin MonoManager ReloadAssembly
Native extension for OSXStandalone target not found
Refreshing native plugins compatible for Editor in 0.71 ms, found 1 plugins.
Preloading 0 native plugins for Editor in 0.00 ms.
Mono: successfully reloaded assembly
- Completed reload, in  1.077 seconds
Platform modules already initialized, skipping
Refreshing native plugins compatible for Editor in 0.70 ms, found 1 plugins.
Preloading 0 native plugins for Editor in 0.00 ms.
Unloading 1661 Unused Serialized files (Serialized files now loaded: 0)
System memory in use before: 158.2 MB.
System memory in use after: 158.3 MB.

Unloading 40 unused Assets to reduce memory usage. Loaded Objects now: 2242.
Total: 5.254669 ms (FindLiveObjects: 0.355575 ms CreateObjectMapping: 0.148050 ms MarkObjects: 4.718354 ms  DeleteObjects: 0.031756 ms)

========================================================================
Received Prepare
Registering precompiled user dll's ...
Registered in 0.002882 seconds.
Begin MonoManager ReloadAssembly
Native extension for OSXStandalone target not found
Refreshing native plugins compatible for Editor in 0.58 ms, found 1 plugins.
Preloading 0 native plugins for Editor in 0.00 ms.
Mono: successfully reloaded assembly
- Completed reload, in  1.094 seconds
Platform modules already initialized, skipping
Refreshing native plugins compatible for Editor in 0.67 ms, found 1 plugins.
Preloading 0 native plugins for Editor in 0.00 ms.
Unloading 1661 Unused Serialized files (Serialized files now loaded: 0)
System memory in use before: 158.4 MB.
System memory in use after: 158.5 MB.

Unloading 40 unused Assets to reduce memory usage. Loaded Objects now: 2245.
Total: 5.314862 ms (FindLiveObjects: 0.224136 ms CreateObjectMapping: 0.060863 ms MarkObjects: 5.004967 ms  DeleteObjects: 0.024001 ms)

========================================================================
Received Prepare
Registering precompiled user dll's ...
Registered in 0.002042 seconds.
Begin MonoManager ReloadAssembly
Native extension for OSXStandalone target not found
Refreshing native plugins compatible for Editor in 0.70 ms, found 1 plugins.
Preloading 0 native plugins for Editor in 0.00 ms.
Mono: successfully reloaded assembly
- Completed reload, in  1.093 seconds
Platform modules already initialized, skipping
Refreshing native plugins compatible for Editor in 0.64 ms, found 1 plugins.
Preloading 0 native plugins for Editor in 0.00 ms.
Unloading 1661 Unused Serialized files (Serialized files now loaded: 0)
System memory in use before: 158.6 MB.
System memory in use after: 158.7 MB.

Unloading 40 unused Assets to reduce memory usage. Loaded Objects now: 2248.
Total: 5.593666 ms (FindLiveObjects: 0.255658 ms CreateObjectMapping: 0.063476 ms MarkObjects: 5.245329 ms  DeleteObjects: 0.027846 ms)

========================================================================
Received Prepare
Registering precompiled user dll's ...
Registered in 0.002018 seconds.
Begin MonoManager ReloadAssembly
Native extension for OSXStandalone target not found
Refreshing native plugins compatible for Editor in 0.59 ms, found 1 plugins.
Preloading 0 native plugins for Editor in 0.00 ms.
Mono: successfully reloaded assembly
- Completed reload, in  1.078 seconds
Platform modules already initialized, skipping
Refreshing native plugins compatible for Editor in 0.56 ms, found 1 plugins.
Preloading 0 native plugins for Editor in 0.00 ms.
Unloading 1661 Unused Serialized files (Serialized files now loaded: 0)
System memory in use before: 158.8 MB.
System memory in use after: 158.9 MB.

Unloading 40 unused Assets to reduce memory usage. Loaded Objects now: 2251.
Total: 5.088405 ms (FindLiveObjects: 0.213806 ms CreateObjectMapping: 0.057894 ms MarkObjects: 4.789093 ms  DeleteObjects: 0.026611 ms)

========================================================================
Received Prepare
Registering precompiled user dll's ...
Registered in 0.001693 seconds.
Begin MonoManager ReloadAssembly
Native extension for OSXStandalone target not found
Refreshing native plugins compatible for Editor in 0.58 ms, found 1 plugins.
Preloading 0 native plugins for Editor in 0.00 ms.
Mono: successfully reloaded assembly
- Completed reload, in  1.102 seconds
Platform modules already initialized, skipping
Refreshing native plugins compatible for Editor in 0.66 ms, found 1 plugins.
Preloading 0 native plugins for Editor in 0.00 ms.
Unloading 1661 Unused Serialized files (Serialized files now loaded: 0)
System memory in use before: 159.0 MB.
System memory in use after: 159.1 MB.

Unloading 40 unused Assets to reduce memory usage. Loaded Objects now: 2254.
Total: 5.476800 ms (FindLiveObjects: 0.193257 ms CreateObjectMapping: 0.052974 ms MarkObjects: 5.202950 ms  DeleteObjects: 0.026465 ms)

========================================================================
Received Import Request.
  Time since last request: 12367.923909 seconds.
  path: ProjectSettings/TagManager.asset
  artifactKey: Guid(00000000000000003000000000000000) Importer(815301076,1909f56bfc062723c751e8b465ee728b)
Start importing ProjectSettings/TagManager.asset using Guid(00000000000000003000000000000000) Importer(815301076,1909f56bfc062723c751e8b465ee728b)  -> (artifact id: 'fa9915cd386994fadaf9aa620409e953') in 0.519197 seconds
  Import took 0.523844 seconds .

========================================================================
Received Import Request.
  Time since last request: 26.067792 seconds.
  path: Assets/Prefabs/BossEnemyShip.prefab
  artifactKey: Guid(b4b8b672c1c4a4fdb9d60f0fe4595be5) Importer(815301076,1909f56bfc062723c751e8b465ee728b)
Start importing Assets/Prefabs/BossEnemyShip.prefab using Guid(b4b8b672c1c4a4fdb9d60f0fe4595be5) Importer(815301076,1909f56bfc062723c751e8b465ee728b)  -> (artifact id: '726f1148b70accc6742f92ddb14a6264') in 0.092388 seconds
  Import took 0.096368 seconds .

========================================================================
Received Prepare
Registering precompiled user dll's ...
Registered in 0.001916 seconds.
Begin MonoManager ReloadAssembly
Native extension for OSXStandalone target not found
Refreshing native plugins compatible for Editor in 0.61 ms, found 1 plugins.
Preloading 0 native plugins for Editor in 0.00 ms.
Mono: successfully reloaded assembly
- Completed reload, in  1.084 seconds
Platform modules already initialized, skipping
Refreshing native plugins compatible for Editor in 0.75 ms, found 1 plugins.
Preloading 0 native plugins for Editor in 0.00 ms.
Unloading 1661 Unused Serialized files (Serialized files now loaded: 0)
System memory in use before: 163.5 MB.
System memory in use after: 163.6 MB.

Unloading 41 unused Assets to reduce memory usage. Loaded Objects now: 2258.
Total: 5.247680 ms (FindLiveObjects: 0.200864 ms CreateObjectMapping: 0.058470 ms MarkObjects: 4.962338 ms  DeleteObjects: 0.025086 ms)

========================================================================
Received Prepare
Registering precompiled user dll's ...
Registered in 0.001952 seconds.
Begin MonoManager ReloadAssembly
Native extension for OSXStandalone target not found
Refreshing native plugins compatible for Editor in 0.59 ms, found 1 plugins.
Preloading 0 native plugins for Editor in 0.00 ms.
Mono: successfully reloaded assembly
- Completed reload, in  1.093 seconds
Platform modules already initialized, skipping
Refreshing native plugins compatible for Editor in 0.56 ms, found 1 plugins.
Preloading 0 native plugins for Editor in 0.00 ms.
Unloading 1661 Unused Serialized files (Serialized files now loaded: 0)
System memory in use before: 163.7 MB.
System memory in use after: 163.8 MB.

Unloading 40 unused Assets to reduce memory usage. Loaded Objects now: 2261.
Total: 4.942157 ms (FindLiveObjects: 0.194944 ms CreateObjectMapping: 0.054135 ms MarkObjects: 4.667432 ms  DeleteObjects: 0.024597 ms)

========================================================================
Received Prepare
Registering precompiled user dll's ...
Registered in 0.002543 seconds.
Begin MonoManager ReloadAssembly
Native extension for OSXStandalone target not found
Refreshing native plugins compatible for Editor in 0.63 ms, found 1 plugins.
Preloading 0 native plugins for Editor in 0.00 ms.
Mono: successfully reloaded assembly
- Completed reload, in  1.154 seconds
Platform modules already initialized, skipping
Refreshing native plugins compatible for Editor in 0.53 ms, found 1 plugins.
Preloading 0 native plugins for Editor in 0.00 ms.
Unloading 1661 Unused Serialized files (Serialized files now loaded: 0)
System memory in use before: 164.0 MB.
System memory in use after: 164.1 MB.

Unloading 40 unused Assets to reduce memory usage. Loaded Objects now: 2264.
Total: 5.176013 ms (FindLiveObjects: 0.305516 ms CreateObjectMapping: 0.070095 ms MarkObjects: 4.765269 ms  DeleteObjects: 0.034050 ms)

========================================================================
Received Prepare
Registering precompiled user dll's ...
Registered in 0.002100 seconds.
Begin MonoManager ReloadAssembly
Native extension for OSXStandalone target not found
Refreshing native plugins compatible for Editor in 0.59 ms, found 1 plugins.
Preloading 0 native plugins for Editor in 0.00 ms.
Mono: successfully reloaded assembly
- Completed reload, in  1.052 seconds
Platform modules already initialized, skipping
Refreshing native plugins compatible for Editor in 0.56 ms, found 1 plugins.
Preloading 0 native plugins for Editor in 0.00 ms.
Unloading 1661 Unused Serialized files (Serialized files now loaded: 0)
System memory in use before: 164.2 MB.
System memory in use after: 164.3 MB.

Unloading 40 unused Assets to reduce memory usage. Loaded Objects now: 2267.
Total: 4.967121 ms (FindLiveObjects: 0.204818 ms CreateObjectMapping: 0.058635 ms MarkObjects: 4.677486 ms  DeleteObjects: 0.025035 ms)

========================================================================
Received Prepare
Registering precompiled user dll's ...
Registered in 0.002144 seconds.
Begin MonoManager ReloadAssembly
Native extension for OSXStandalone target not found
Refreshing native plugins compatible for Editor in 0.61 ms, found 1 plugins.
Preloading 0 native plugins for Editor in 0.00 ms.
Mono: successfully reloaded assembly
- Completed reload, in  1.079 seconds
Platform modules already initialized, skipping
Refreshing native plugins compatible for Editor in 0.54 ms, found 1 plugins.
Preloading 0 native plugins for Editor in 0.00 ms.
Unloading 1661 Unused Serialized files (Serialized files now loaded: 0)
System memory in use before: 164.3 MB.
System memory in use after: 164.5 MB.

Unloading 40 unused Assets to reduce memory usage. Loaded Objects now: 2270.
Total: 5.408143 ms (FindLiveObjects: 0.261707 ms CreateObjectMapping: 0.066555 ms MarkObjects: 5.053700 ms  DeleteObjects: 0.024730 ms)

========================================================================
Received Prepare
Registering precompiled user dll's ...
Registered in 0.003007 seconds.
Begin MonoManager ReloadAssembly
Native extension for OSXStandalone target not found
Refreshing native plugins compatible for Editor in 0.60 ms, found 1 plugins.
Preloading 0 native plugins for Editor in 0.00 ms.
Mono: successfully reloaded assembly
- Completed reload, in  1.079 seconds
Platform modules already initialized, skipping
Refreshing native plugins compatible for Editor in 0.52 ms, found 1 plugins.
Preloading 0 native plugins for Editor in 0.00 ms.
Unloading 1661 Unused Serialized files (Serialized files now loaded: 0)
System memory in use before: 164.5 MB.
System memory in use after: 164.7 MB.

Unloading 40 unused Assets to reduce memory usage. Loaded Objects now: 2273.
Total: 5.011736 ms (FindLiveObjects: 0.199003 ms CreateObjectMapping: 0.062348 ms MarkObjects: 4.725597 ms  DeleteObjects: 0.023771 ms)

========================================================================
Received Prepare
Registering precompiled user dll's ...
Registered in 0.002225 seconds.
Begin MonoManager ReloadAssembly
Native extension for OSXStandalone target not found
Refreshing native plugins compatible for Editor in 0.59 ms, found 1 plugins.
Preloading 0 native plugins for Editor in 0.00 ms.
Mono: successfully reloaded assembly
- Completed reload, in  1.136 seconds
Platform modules already initialized, skipping
Refreshing native plugins compatible for Editor in 0.55 ms, found 1 plugins.
Preloading 0 native plugins for Editor in 0.00 ms.
Unloading 1661 Unused Serialized files (Serialized files now loaded: 0)
System memory in use before: 164.7 MB.
System memory in use after: 164.9 MB.

Unloading 40 unused Assets to reduce memory usage. Loaded Objects now: 2276.
Total: 5.874737 ms (FindLiveObjects: 0.183987 ms CreateObjectMapping: 0.055762 ms MarkObjects: 5.610767 ms  DeleteObjects: 0.023346 ms)

========================================================================
Received Prepare
Registering precompiled user dll's ...
Registered in 0.001781 seconds.
Begin MonoManager ReloadAssembly
Native extension for OSXStandalone target not found
Refreshing native plugins compatible for Editor in 0.61 ms, found 1 plugins.
Preloading 0 native plugins for Editor in 0.00 ms.
Mono: successfully reloaded assembly
- Completed reload, in  1.239 seconds
Platform modules already initialized, skipping
Refreshing native plugins compatible for Editor in 0.65 ms, found 1 plugins.
Preloading 0 native plugins for Editor in 0.00 ms.
Unloading 1661 Unused Serialized files (Serialized files now loaded: 0)
System memory in use before: 165.9 MB.
System memory in use after: 166.0 MB.

Unloading 40 unused Assets to reduce memory usage. Loaded Objects now: 2279.
Total: 6.194384 ms (FindLiveObjects: 0.339994 ms CreateObjectMapping: 0.079203 ms MarkObjects: 5.713707 ms  DeleteObjects: 0.060044 ms)

========================================================================
Received Prepare
Registering precompiled user dll's ...
Registered in 0.004716 seconds.
Begin MonoManager ReloadAssembly
Native extension for OSXStandalone target not found
Refreshing native plugins compatible for Editor in 0.65 ms, found 1 plugins.
Preloading 0 native plugins for Editor in 0.00 ms.
Mono: successfully reloaded assembly
- Completed reload, in  1.116 seconds
Platform modules already initialized, skipping
Refreshing native plugins compatible for Editor in 0.64 ms, found 1 plugins.
Preloading 0 native plugins for Editor in 0.00 ms.
Unloading 1661 Unused Serialized files (Serialized files now loaded: 0)
System memory in use before: 166.1 MB.
System memory in use after: 166.3 MB.

Unloading 40 unused Assets to reduce memory usage. Loaded Objects now: 2282.
Total: 5.195672 ms (FindLiveObjects: 0.234963 ms CreateObjectMapping: 0.065205 ms MarkObjects: 4.851149 ms  DeleteObjects: 0.043143 ms)

========================================================================
Received Prepare
Registering precompiled user dll's ...
Registered in 0.001964 seconds.
Begin MonoManager ReloadAssembly
Native extension for OSXStandalone target not found
Refreshing native plugins compatible for Editor in 0.64 ms, found 1 plugins.
Preloading 0 native plugins for Editor in 0.00 ms.
Mono: successfully reloaded assembly
- Completed reload, in  1.094 seconds
Platform modules already initialized, skipping
Refreshing native plugins compatible for Editor in 0.61 ms, found 1 plugins.
Preloading 0 native plugins for Editor in 0.00 ms.
Unloading 1661 Unused Serialized files (Serialized files now loaded: 0)
System memory in use before: 166.3 MB.
System memory in use after: 166.5 MB.

Unloading 40 unused Assets to reduce memory usage. Loaded Objects now: 2285.
Total: 7.863361 ms (FindLiveObjects: 0.348596 ms CreateObjectMapping: 0.103937 ms MarkObjects: 7.377456 ms  DeleteObjects: 0.031730 ms)

========================================================================
Received Prepare
Registering precompiled user dll's ...
Registered in 0.002247 seconds.
Begin MonoManager ReloadAssembly
Native extension for OSXStandalone target not found
Refreshing native plugins compatible for Editor in 0.59 ms, found 1 plugins.
Preloading 0 native plugins for Editor in 0.00 ms.
Mono: successfully reloaded assembly
- Completed reload, in  1.074 seconds
Platform modules already initialized, skipping
Refreshing native plugins compatible for Editor in 0.59 ms, found 1 plugins.
Preloading 0 native plugins for Editor in 0.00 ms.
Unloading 1661 Unused Serialized files (Serialized files now loaded: 0)
System memory in use before: 166.5 MB.
System memory in use after: 166.7 MB.

Unloading 40 unused Assets to reduce memory usage. Loaded Objects now: 2288.
Total: 5.259683 ms (FindLiveObjects: 0.217604 ms CreateObjectMapping: 0.066991 ms MarkObjects: 4.946345 ms  DeleteObjects: 0.027549 ms)

========================================================================
Received Prepare
Registering precompiled user dll's ...
Registered in 0.002711 seconds.
Begin MonoManager ReloadAssembly
Native extension for OSXStandalone target not found
Refreshing native plugins compatible for Editor in 0.58 ms, found 1 plugins.
Preloading 0 native plugins for Editor in 0.00 ms.
Mono: successfully reloaded assembly
- Completed reload, in  1.086 seconds
Platform modules already initialized, skipping
Refreshing native plugins compatible for Editor in 0.56 ms, found 1 plugins.
Preloading 0 native plugins for Editor in 0.00 ms.
Unloading 1661 Unused Serialized files (Serialized files now loaded: 0)
System memory in use before: 166.7 MB.
System memory in use after: 166.9 MB.

Unloading 40 unused Assets to reduce memory usage. Loaded Objects now: 2291.
Total: 5.030941 ms (FindLiveObjects: 0.237452 ms CreateObjectMapping: 0.073677 ms MarkObjects: 4.691175 ms  DeleteObjects: 0.026602 ms)

========================================================================
Received Prepare
Registering precompiled user dll's ...
Registered in 0.002554 seconds.
Begin MonoManager ReloadAssembly
Native extension for OSXStandalone target not found
Refreshing native plugins compatible for Editor in 0.58 ms, found 1 plugins.
Preloading 0 native plugins for Editor in 0.00 ms.
Mono: successfully reloaded assembly
- Completed reload, in  1.066 seconds
Platform modules already initialized, skipping
Refreshing native plugins compatible for Editor in 0.55 ms, found 1 plugins.
Preloading 0 native plugins for Editor in 0.00 ms.
Unloading 1661 Unused Serialized files (Serialized files now loaded: 0)
System memory in use before: 166.9 MB.
System memory in use after: 167.0 MB.

Unloading 40 unused Assets to reduce memory usage. Loaded Objects now: 2294.
Total: 5.274253 ms (FindLiveObjects: 0.260161 ms CreateObjectMapping: 0.072711 ms MarkObjects: 4.911194 ms  DeleteObjects: 0.028814 ms)

========================================================================
Received Prepare
Registering precompiled user dll's ...
Registered in 0.001780 seconds.
Begin MonoManager ReloadAssembly
Native extension for OSXStandalone target not found
Refreshing native plugins compatible for Editor in 0.63 ms, found 1 plugins.
Preloading 0 native plugins for Editor in 0.00 ms.
Mono: successfully reloaded assembly
- Completed reload, in  1.091 seconds
Platform modules already initialized, skipping
Refreshing native plugins compatible for Editor in 0.75 ms, found 1 plugins.
Preloading 0 native plugins for Editor in 0.00 ms.
Unloading 1661 Unused Serialized files (Serialized files now loaded: 0)
System memory in use before: 167.2 MB.
System memory in use after: 167.3 MB.

Unloading 40 unused Assets to reduce memory usage. Loaded Objects now: 2297.
Total: 4.966516 ms (FindLiveObjects: 0.188751 ms CreateObjectMapping: 0.060358 ms MarkObjects: 4.692663 ms  DeleteObjects: 0.023704 ms)

========================================================================
Received Prepare
Registering precompiled user dll's ...
Registered in 0.002889 seconds.
Begin MonoManager ReloadAssembly
Native extension for OSXStandalone target not found
Refreshing native plugins compatible for Editor in 0.61 ms, found 1 plugins.
Preloading 0 native plugins for Editor in 0.00 ms.
Mono: successfully reloaded assembly
- Completed reload, in  1.111 seconds
Platform modules already initialized, skipping
Refreshing native plugins compatible for Editor in 0.54 ms, found 1 plugins.
Preloading 0 native plugins for Editor in 0.00 ms.
Unloading 1661 Unused Serialized files (Serialized files now loaded: 0)
System memory in use before: 167.3 MB.
System memory in use after: 167.5 MB.

Unloading 40 unused Assets to reduce memory usage. Loaded Objects now: 2300.
Total: 5.046877 ms (FindLiveObjects: 0.201136 ms CreateObjectMapping: 0.059845 ms MarkObjects: 4.756939 ms  DeleteObjects: 0.027849 ms)

========================================================================
Received Prepare
Registering precompiled user dll's ...
Registered in 0.002533 seconds.
Begin MonoManager ReloadAssembly
Native extension for OSXStandalone target not found
Refreshing native plugins compatible for Editor in 0.58 ms, found 1 plugins.
Preloading 0 native plugins for Editor in 0.00 ms.
Mono: successfully reloaded assembly
- Completed reload, in  1.061 seconds
Platform modules already initialized, skipping
Refreshing native plugins compatible for Editor in 0.95 ms, found 1 plugins.
Preloading 0 native plugins for Editor in 0.00 ms.
Unloading 1661 Unused Serialized files (Serialized files now loaded: 0)
System memory in use before: 167.5 MB.
System memory in use after: 167.7 MB.

Unloading 40 unused Assets to reduce memory usage. Loaded Objects now: 2303.
Total: 6.601261 ms (FindLiveObjects: 0.249792 ms CreateObjectMapping: 0.072587 ms MarkObjects: 6.245746 ms  DeleteObjects: 0.031792 ms)

========================================================================
Received Prepare
Registering precompiled user dll's ...
Registered in 0.002691 seconds.
Begin MonoManager ReloadAssembly
Native extension for OSXStandalone target not found
Refreshing native plugins compatible for Editor in 0.54 ms, found 1 plugins.
Preloading 0 native plugins for Editor in 0.00 ms.
Mono: successfully reloaded assembly
- Completed reload, in  1.133 seconds
Platform modules already initialized, skipping
Refreshing native plugins compatible for Editor in 0.60 ms, found 1 plugins.
Preloading 0 native plugins for Editor in 0.00 ms.
Unloading 1661 Unused Serialized files (Serialized files now loaded: 0)
System memory in use before: 167.7 MB.
System memory in use after: 167.9 MB.

Unloading 40 unused Assets to reduce memory usage. Loaded Objects now: 2306.
Total: 5.288145 ms (FindLiveObjects: 0.225309 ms CreateObjectMapping: 0.055543 ms MarkObjects: 4.979747 ms  DeleteObjects: 0.026388 ms)

========================================================================
Received Prepare
Registering precompiled user dll's ...
Registered in 0.001654 seconds.
Begin MonoManager ReloadAssembly
Native extension for OSXStandalone target not found
Refreshing native plugins compatible for Editor in 0.64 ms, found 1 plugins.
Preloading 0 native plugins for Editor in 0.00 ms.
Mono: successfully reloaded assembly
- Completed reload, in  1.081 seconds
Platform modules already initialized, skipping
Refreshing native plugins compatible for Editor in 0.61 ms, found 1 plugins.
Preloading 0 native plugins for Editor in 0.00 ms.
Unloading 1661 Unused Serialized files (Serialized files now loaded: 0)
System memory in use before: 167.9 MB.
System memory in use after: 168.1 MB.

Unloading 40 unused Assets to reduce memory usage. Loaded Objects now: 2309.
Total: 5.405714 ms (FindLiveObjects: 0.238217 ms CreateObjectMapping: 0.073994 ms MarkObjects: 5.067937 ms  DeleteObjects: 0.024316 ms)

========================================================================
Received Prepare
Registering precompiled user dll's ...
Registered in 0.002238 seconds.
Begin MonoManager ReloadAssembly
Native extension for OSXStandalone target not found
Refreshing native plugins compatible for Editor in 0.62 ms, found 1 plugins.
Preloading 0 native plugins for Editor in 0.00 ms.
Mono: successfully reloaded assembly
- Completed reload, in  1.058 seconds
Platform modules already initialized, skipping
Refreshing native plugins compatible for Editor in 0.56 ms, found 1 plugins.
Preloading 0 native plugins for Editor in 0.00 ms.
Unloading 1661 Unused Serialized files (Serialized files now loaded: 0)
System memory in use before: 168.1 MB.
System memory in use after: 168.3 MB.

Unloading 40 unused Assets to reduce memory usage. Loaded Objects now: 2312.
Total: 5.099392 ms (FindLiveObjects: 0.206627 ms CreateObjectMapping: 0.058439 ms MarkObjects: 4.807602 ms  DeleteObjects: 0.025470 ms)

========================================================================
Received Prepare
Registering precompiled user dll's ...
Registered in 0.001768 seconds.
Begin MonoManager ReloadAssembly
Native extension for OSXStandalone target not found
Refreshing native plugins compatible for Editor in 0.67 ms, found 1 plugins.
Preloading 0 native plugins for Editor in 0.00 ms.
Mono: successfully reloaded assembly
- Completed reload, in  1.103 seconds
Platform modules already initialized, skipping
Refreshing native plugins compatible for Editor in 0.60 ms, found 1 plugins.
Preloading 0 native plugins for Editor in 0.00 ms.
Unloading 1661 Unused Serialized files (Serialized files now loaded: 0)
System memory in use before: 168.4 MB.
System memory in use after: 168.5 MB.

Unloading 40 unused Assets to reduce memory usage. Loaded Objects now: 2315.
Total: 5.623434 ms (FindLiveObjects: 0.246401 ms CreateObjectMapping: 0.079155 ms MarkObjects: 5.236218 ms  DeleteObjects: 0.060320 ms)

========================================================================
Received Prepare
Registering precompiled user dll's ...
Registered in 0.001949 seconds.
Begin MonoManager ReloadAssembly
Native extension for OSXStandalone target not found
Refreshing native plugins compatible for Editor in 0.59 ms, found 1 plugins.
Preloading 0 native plugins for Editor in 0.00 ms.
Mono: successfully reloaded assembly
- Completed reload, in  1.308 seconds
Platform modules already initialized, skipping
Refreshing native plugins compatible for Editor in 0.56 ms, found 1 plugins.
Preloading 0 native plugins for Editor in 0.00 ms.
Unloading 1661 Unused Serialized files (Serialized files now loaded: 0)
System memory in use before: 168.6 MB.
System memory in use after: 168.7 MB.

Unloading 40 unused Assets to reduce memory usage. Loaded Objects now: 2318.
Total: 5.686537 ms (FindLiveObjects: 0.365520 ms CreateObjectMapping: 0.084245 ms MarkObjects: 5.186727 ms  DeleteObjects: 0.048658 ms)

========================================================================
Received Import Request.
  Time since last request: 13203.215860 seconds.
  path: Assets/Prefabs/BossEnemyShip.prefab
  artifactKey: Guid(b4b8b672c1c4a4fdb9d60f0fe4595be5) Importer(815301076,1909f56bfc062723c751e8b465ee728b)
Start importing Assets/Prefabs/BossEnemyShip.prefab using Guid(b4b8b672c1c4a4fdb9d60f0fe4595be5) Importer(815301076,1909f56bfc062723c751e8b465ee728b)  -> (artifact id: '6adc6c3272a9ef1765ae57f863cc1e9a') in 0.087501 seconds
  Import took 0.092424 seconds .

========================================================================
Received Import Request.
  Time since last request: 49.359815 seconds.
  path: Assets/Prefabs/BossEnemyShip.prefab
  artifactKey: Guid(b4b8b672c1c4a4fdb9d60f0fe4595be5) Importer(815301076,1909f56bfc062723c751e8b465ee728b)
Start importing Assets/Prefabs/BossEnemyShip.prefab using Guid(b4b8b672c1c4a4fdb9d60f0fe4595be5) Importer(815301076,1909f56bfc062723c751e8b465ee728b)  -> (artifact id: '73be20f78bdcbb5f431ca41596d0fe42') in 0.043189 seconds
  Import took 0.048478 seconds .

========================================================================
Received Prepare
Registering precompiled user dll's ...
Registered in 0.003514 seconds.
Begin MonoManager ReloadAssembly
Native extension for OSXStandalone target not found
Refreshing native plugins compatible for Editor in 0.61 ms, found 1 plugins.
Preloading 0 native plugins for Editor in 0.00 ms.
Mono: successfully reloaded assembly
- Completed reload, in  1.145 seconds
Platform modules already initialized, skipping
Refreshing native plugins compatible for Editor in 0.64 ms, found 1 plugins.
Preloading 0 native plugins for Editor in 0.00 ms.
Unloading 1661 Unused Serialized files (Serialized files now loaded: 0)
System memory in use before: 168.9 MB.
System memory in use after: 169.0 MB.

Unloading 40 unused Assets to reduce memory usage. Loaded Objects now: 2322.
Total: 7.880884 ms (FindLiveObjects: 0.367511 ms CreateObjectMapping: 0.131121 ms MarkObjects: 7.348287 ms  DeleteObjects: 0.029431 ms)

